[16:40:11]    ⛔ XANUSDT: 5m ST=UP не совпадает с SHORT — пропускаем
[16:40:19]    ⛔ BANUSDT: 5m ST=DOWN не совпадает с LONG — пропускаем
[16:40:21]    ⛔ XANUSDT: 5m ST=UP не совпадает с SHORT — пропускаем
[16:40:29]    ⛔ BANUSDT: 5m ST=DOWN не совпадает с LONG — пропускаем
[16:40:31]    ⛔ XANUSDT: 5m ST=UP не совпадает с SHORT — пропускаем
[16:40:45] ━━━━━━━━━━━━━━━━━━━━━━━━━━━━━━━━━━━━━━━━━━━━━━━━━━━━━━━
[16:40:45] 💰 UAIUSDT | 🟢 LONG
[16:40:45]    📍 Вход:  0.561547
[16:40:45]    🎯 TP:    0.562780  (+0.299%)
[16:40:45]    📊 306.0 ед. (171.83 USDT) | 3.86с
[16:40:45] ━━━━━━━━━━━━━━━━━━━━━━━━━━━━━━━━━━━━━━━━━━━━━━━━━━━━━━━
[16:40:48] ━━━━━━━━━━━━━━━━━━━━━━━━━━━━━━━━━━━━━━━━━━━━━━━━━━━━━━━
[16:40:48] 💰 BANUSDT | 🟢 LONG
[16:40:48]    📍 Вход:  0.060225
[16:40:48]    🎯 TP:    0.060390  (+0.299%)
[16:40:48]    📊 2549.0 ед. (153.51 USDT) | 1.64с
[16:40:48] ━━━━━━━━━━━━━━━━━━━━━━━━━━━━━━━━━━━━━━━━━━━━━━━━━━━━━━━
[16:40:54]    🟢 UAIUSDT: -0.108% | 9с
[16:40:54]    🟢 BANUSDT: +0.025% | 6с
[16:41:01] ⚠️  BANUSDT: P&L с биржи недоступен, считаем по цене
[16:41:01] ━━━━━━━━━━━━━━━━━━━━━━━━━━━━━━━━━━━━━━━━━━━━━━━━━━━━━━━
[16:41:01] ✅ ЗАКРЫТО: BANUSDT | +0.042% | +0.0645 USDT | Биржа (TP/SL/ручное)
[16:41:01]    ⏱️  12с
[16:41:01] ━━━━━━━━━━━━━━━━━━━━━━━━━━━━━━━━━━━━━━━━━━━━━━━━━━━━━━━
[16:41:01] 
[16:41:01] 📊 СТАТИСТИКА:
[16:41:01]    Сделок: 1 | Win: 1 | Loss: 0
[16:41:01]    Win Rate: 100.0%
[16:41:01]    P&L итого:  +0.0645 USDT
[16:41:01]    P&L средний: +0.0645 USDT
[16:41:01] 
[16:41:01]    🟢 UAIUSDT: -0.226% | 16с
[16:41:11]    🟢 UAIUSDT: -0.598% | 26с
[16:41:22]    🟢 UAIUSDT: -0.988% | 37с
[16:41:32]    🟢 UAIUSDT: -0.840% | 47с
[16:41:33]    ⛔ LYNUSDT: 5m ST=DOWN не совпадает с LONG — пропускаем
[16:41:42]    🟢 UAIUSDT: -0.790% | 58с
[16:41:44]    ⛔ LYNUSDT: 5m ST=DOWN не совпадает с LONG — пропускаем
[16:41:52]    🟢 UAIUSDT: -0.892% | 68с
[16:41:56] 📡 Монет в работе: 1/3 | Список: ['LYNUSDT', 'TAOUSDT', 'UAIUSDT', 'BANUSDT', 'HYPEUSDT']
[16:42:02]    🟢 UAIUSDT: -0.849% | 77с
[16:42:08]    ⛔ ZBCNUSDT: 5m ST=UP не совпадает с SHORT — пропускаем
[16:42:14]    🟢 UAIUSDT: -0.845% | 90с
[16:42:18]    ⛔ ZBCNUSDT: 5m ST=UP не совпадает с SHORT — пропускаем
[16:42:24]    🟢 UAIUSDT: -0.730% | 100с
[16:42:34]    🟢 UAIUSDT: -0.683% | 109с
[16:42:38] ━━━━━━━━━━━━━━━━━━━━━━━━━━━━━━━━━━━━━━━━━━━━━━━━━━━━━━━
[16:42:38] 💰 BANUSDT | 🔴 SHORT
[16:42:38]    📍 Вход:  0.059865
[16:42:38]    🎯 TP:    0.059670  (+0.301%)
[16:42:38]    📊 2556.0 ед. (153.01 USDT) | 1.64с
[16:42:38] ━━━━━━━━━━━━━━━━━━━━━━━━━━━━━━━━━━━━━━━━━━━━━━━━━━━━━━━
[16:42:45]    🟢 UAIUSDT: -0.687% | 120с
[16:42:45]    🔴 BANUSDT: +0.041% | 7с
[16:42:51]    🟢 UAIUSDT: -0.587% | 127с
[16:42:52]    🔴 BANUSDT: -0.009% | 14с
[16:42:58]    🟢 UAIUSDT: -0.626% | 133с
[16:42:58]    🔴 BANUSDT: -0.109% | 20с
[16:43:05]    🟢 UAIUSDT: -0.525% | 140с
[16:43:05]    🔴 BANUSDT: -0.226% | 27с
[16:43:11]    🟢 UAIUSDT: -0.416% | 147с
[16:43:12]    🔴 BANUSDT: -0.327% | 34с
[16:43:19]    🟢 UAIUSDT: -0.133% | 154с
[16:43:19]    🔴 BANUSDT: -0.393% | 41с
[16:43:26]    🟢 UAIUSDT: -0.007% | 161с
[16:43:26]    🔴 BANUSDT: -0.544% | 48с
[16:43:32]    🟢 UAIUSDT: -0.024% | 168с
[16:43:33]    🔴 BANUSDT: -0.577% | 55с
[16:43:33] 📡 Монет в работе: 2/3 | Список: ['LYNUSDT', 'TAOUSDT', 'UAIUSDT', 'BANUSDT', 'HYPEUSDT']
[16:43:39]    🟢 UAIUSDT: +0.022% | 174с
[16:43:39]    🔴 BANUSDT: -0.510% | 61с
[16:43:46]    🟢 UAIUSDT: -0.135% | 181с
[16:43:46]    🔴 BANUSDT: -0.343% | 68с
[16:43:52]    🟢 UAIUSDT: -0.024% | 188с
[16:43:53]    🔴 BANUSDT: -0.410% | 75с
[16:43:59]    🟢 UAIUSDT: -0.279% | 194с
[16:43:59]    🔴 BANUSDT: -0.694% | 81с
[16:44:06]    🟢 UAIUSDT: -0.333% | 201с
[16:44:06]    🔴 BANUSDT: -0.544% | 88с
[16:44:12]    🟢 UAIUSDT: -0.359% | 208с
[16:44:13]    🔴 BANUSDT: -0.544% | 95с
[16:44:19]    🟢 UAIUSDT: -0.413% | 214с
[16:44:19]    🔴 BANUSDT: -0.727% | 101с
[16:44:26]    🟢 UAIUSDT: -0.407% | 221с
[16:44:26]    🔴 BANUSDT: -0.393% | 108с
[16:44:32]    🟢 UAIUSDT: -0.557% | 228с
[16:44:33]    🔴 BANUSDT: -0.661% | 115с
[16:44:39]    🟢 UAIUSDT: -0.466% | 234с
[16:44:39]    🔴 BANUSDT: -0.527% | 121с
[16:44:46]    🟢 UAIUSDT: -0.386% | 241с
[16:44:46]    🔴 BANUSDT: -0.527% | 128с
[16:44:52]    🟢 UAIUSDT: -0.712% | 248с
[16:44:53]    🔴 BANUSDT: -0.794% | 135с
[16:44:53] 📡 Монет в работе: 2/3 | Список: ['LYNUSDT', 'TAOUSDT', 'UAIUSDT', 'BANUSDT', 'HYPEUSDT']
[16:44:59]    🟢 UAIUSDT: -0.717% | 254с
[16:44:59]    🔴 BANUSDT: -1.045% | 141с
[16:45:06]    🟢 UAIUSDT: -0.685% | 261с
[16:45:06]    🔴 BANUSDT: -1.212% | 148с
[16:45:13]    🟢 UAIUSDT: -0.637% | 268с
[16:45:13]    🔴 BANUSDT: -1.479% | 155с
[16:45:19]    🟢 UAIUSDT: -0.402% | 275с
[16:45:20]    🔴 BANUSDT: -1.646% | 162с
[16:45:26]    🟢 UAIUSDT: -0.479% | 281с
[16:45:26]    🔴 BANUSDT: -1.763% | 168с
[16:45:33]    🟢 UAIUSDT: -0.340% | 288с
[16:45:33]    🔴 BANUSDT: -1.880% | 175с
[16:45:41]    🟢 UAIUSDT: -0.352% | 296с
[16:45:41]    🔴 BANUSDT: -1.980% | 183с
[16:45:48]    🟢 UAIUSDT: -0.484% | 303с
[16:45:48]    🔴 BANUSDT: -2.030% | 190с
[16:45:54]    🟢 UAIUSDT: -0.448% | 310с
[16:45:55]    🔴 BANUSDT: -1.880% | 197с
[16:46:01]    🟢 UAIUSDT: -0.370% | 316с
[16:46:01]    🔴 BANUSDT: -1.412% | 203с
[16:46:08]    🟢 UAIUSDT: -0.146% | 323с
[16:46:08]    🔴 BANUSDT: -1.663% | 210с
[16:46:14]    🟢 UAIUSDT: -0.179% | 330с
[16:46:15]    🔴 BANUSDT: -1.345% | 217с
[16:46:16] 📡 Монет в работе: 2/3 | Список: ['LYNUSDT', 'TAOUSDT', 'UAIUSDT', 'BANUSDT', 'HYPEUSDT']
[16:46:22]    🟢 UAIUSDT: -0.078% | 337с
[16:46:22]    🔴 BANUSDT: -1.178% | 224с
[16:46:28]    🟢 UAIUSDT: +0.116% | 344с
[16:46:29]    🔴 BANUSDT: -1.279% | 231с
[16:46:35] ⚠️  UAIUSDT: P&L с биржи недоступен, считаем по цене
[16:46:35] ━━━━━━━━━━━━━━━━━━━━━━━━━━━━━━━━━━━━━━━━━━━━━━━━━━━━━━━
[16:46:35] ✅ ЗАКРЫТО: UAIUSDT | +0.317% | +0.5455 USDT | Биржа (TP/SL/ручное)
[16:46:35]    ⏱️  350с
[16:46:35] ━━━━━━━━━━━━━━━━━━━━━━━━━━━━━━━━━━━━━━━━━━━━━━━━━━━━━━━
[16:46:35] 
[16:46:35] 📊 СТАТИСТИКА:
[16:46:35]    Сделок: 2 | Win: 2 | Loss: 0
[16:46:35]    Win Rate: 100.0%
[16:46:35]    P&L итого:  +0.6101 USDT
[16:46:35]    P&L средний: +0.3050 USDT
[16:46:35] 
[16:46:36]    🔴 BANUSDT: -0.894% | 238с
[16:46:39] ━━━━━━━━━━━━━━━━━━━━━━━━━━━━━━━━━━━━━━━━━━━━━━━━━━━━━━━
[16:46:39] 💰 LYNUSDT | 🔴 SHORT
[16:46:39]    📍 Вход:  0.081877
[16:46:39]    🎯 TP:    0.081660  (+0.305%)
[16:46:39]    📊 1886.0 ед. (154.42 USDT) | 1.63с
[16:46:39] ━━━━━━━━━━━━━━━━━━━━━━━━━━━━━━━━━━━━━━━━━━━━━━━━━━━━━━━
[16:46:45]    🔴 BANUSDT: -0.443% | 247с
[16:46:46]    🔴 LYNUSDT: -0.284% | 7с
[16:46:53]    🔴 BANUSDT: -0.460% | 255с
[16:46:53]    🔴 LYNUSDT: -0.199% | 14с
[16:47:02]    🔴 BANUSDT: -0.410% | 264с
[16:47:02]    🔴 LYNUSDT: -0.003% | 23с
[16:47:08]    🔴 BANUSDT: -0.510% | 270с
[16:47:09]    🔴 LYNUSDT: -0.113% | 29с
[16:47:15]    🔴 BANUSDT: -0.310% | 277с
[16:47:15]    🔴 LYNUSDT: -0.443% | 36с
[16:47:22]    🔴 BANUSDT: -0.327% | 284с
[16:47:22]    🔴 LYNUSDT: -0.419% | 43с
[16:47:28]    🔴 BANUSDT: -0.327% | 290с
[16:47:29]    🔴 LYNUSDT: -0.431% | 49с
[16:47:35]    🔴 BANUSDT: -0.210% | 297с
[16:47:35]    🔴 LYNUSDT: -0.565% | 56с
[16:47:42]    🔴 BANUSDT: -0.260% | 304с
[16:47:42]    🔴 LYNUSDT: -0.309% | 63с
[16:47:42] 📡 Монет в работе: 2/3 | Список: ['LYNUSDT', 'TAOUSDT', 'UAIUSDT', 'BANUSDT', 'HYPEUSDT']
[16:47:49]    🔴 BANUSDT: -0.226% | 311с
[16:47:49]    🔴 LYNUSDT: -0.382% | 70с
[16:47:56]    🔴 BANUSDT: -0.176% | 318с
[16:47:56]    🔴 LYNUSDT: -0.162% | 77с
[16:48:03] ⚠️  LYNUSDT: P&L с биржи недоступен, считаем по цене
[16:48:03] ━━━━━━━━━━━━━━━━━━━━━━━━━━━━━━━━━━━━━━━━━━━━━━━━━━━━━━━
[16:48:03] ✅ ЗАКРЫТО: LYNUSDT | +0.009% | +0.0138 USDT | Биржа (TP/SL/ручное)
[16:48:03]    ⏱️  83с
[16:48:03] ━━━━━━━━━━━━━━━━━━━━━━━━━━━━━━━━━━━━━━━━━━━━━━━━━━━━━━━
[16:48:03] 
[16:48:03] 📊 СТАТИСТИКА:
[16:48:03]    Сделок: 3 | Win: 3 | Loss: 0
[16:48:03]    Win Rate: 100.0%
[16:48:03]    P&L итого:  +0.6239 USDT
[16:48:03]    P&L средний: +0.2080 USDT
[16:48:03] 
[16:48:03]    🔴 BANUSDT: -0.076% | 325с
[16:48:15]    🔴 BANUSDT: -0.093% | 337с
[16:48:25]    🔴 BANUSDT: +0.058% | 347с
[16:48:36]    🔴 BANUSDT: -0.009% | 358с
[16:48:40] ━━━━━━━━━━━━━━━━━━━━━━━━━━━━━━━━━━━━━━━━━━━━━━━━━━━━━━━
[16:48:40] 💰 HYPEUSDT | 🔴 SHORT
[16:48:40]    📍 Вход:  39.811000
[16:48:40]    🎯 TP:    39.722000  (+0.301%)
[16:48:40]    📊 3.91 ед. (155.66 USDT) | 1.66с
[16:48:40] ━━━━━━━━━━━━━━━━━━━━━━━━━━━━━━━━━━━━━━━━━━━━━━━━━━━━━━━
[16:48:46]    🔴 BANUSDT: +0.008% | 368с
[16:48:47]    🔴 HYPEUSDT: +0.008% | 7с
[16:48:53]    🔴 BANUSDT: +0.108% | 375с
[16:48:54]    🔴 HYPEUSDT: -0.080% | 13с
[16:49:00]    🔴 BANUSDT: -0.026% | 382с
[16:49:00]    🔴 HYPEUSDT: -0.075% | 20с
[16:49:07] ⚠️  BANUSDT: P&L с биржи недоступен, считаем по цене
[16:49:07] ━━━━━━━━━━━━━━━━━━━━━━━━━━━━━━━━━━━━━━━━━━━━━━━━━━━━━━━
[16:49:07] ✅ ЗАКРЫТО: BANUSDT | +0.392% | +0.5995 USDT | Биржа (TP/SL/ручное)
[16:49:07]    ⏱️  388с
[16:49:07] ━━━━━━━━━━━━━━━━━━━━━━━━━━━━━━━━━━━━━━━━━━━━━━━━━━━━━━━
[16:49:07] 
[16:49:07] 📊 СТАТИСТИКА:
[16:49:07]    Сделок: 4 | Win: 4 | Loss: 0
[16:49:07]    Win Rate: 100.0%
[16:49:07]    P&L итого:  +1.2233 USDT
[16:49:07]    P&L средний: +0.3058 USDT
[16:49:07] 
[16:49:07]    🔴 HYPEUSDT: +0.035% | 27с
[16:49:19]    🔴 HYPEUSDT: +0.025% | 39с
[16:49:28]    🔴 HYPEUSDT: +0.033% | 48с
[16:49:33] ━━━━━━━━━━━━━━━━━━━━━━━━━━━━━━━━━━━━━━━━━━━━━━━━━━━━━━━
[16:49:33] 💰 TAOUSDT | 🟢 LONG
[16:49:33]    📍 Вход:  300.350000
[16:49:33]    🎯 TP:    301.250000  (+0.300%)
[16:49:33]    📊 0.519 ед. (155.88 USDT) | 1.64с
[16:49:33] ━━━━━━━━━━━━━━━━━━━━━━━━━━━━━━━━━━━━━━━━━━━━━━━━━━━━━━━
[16:49:33] 📡 Монет в работе: 2/3 | Список: ['LYNUSDT', 'TAOUSDT', 'UAIUSDT', 'BANUSDT', 'HYPEUSDT']
[16:49:39]    🔴 HYPEUSDT: -0.146% | 58с
[16:49:39]    🟢 TAOUSDT: -0.023% | 6с
[16:49:45]    🔴 HYPEUSDT: -0.181% | 65с
[16:49:46]    🟢 TAOUSDT: +0.050% | 13с
[16:49:52]    🔴 HYPEUSDT: -0.186% | 72с
[16:49:52]    🟢 TAOUSDT: +0.003% | 20с
[16:49:58]    🔴 HYPEUSDT: -0.224% | 78с
[16:49:59]    🟢 TAOUSDT: +0.103% | 26с
[16:50:05]    🔴 HYPEUSDT: -0.173% | 85с
[16:50:06]    🟢 TAOUSDT: -0.047% | 33с
[16:50:12]    🔴 HYPEUSDT: -0.203% | 91с
[16:50:12]    🟢 TAOUSDT: -0.037% | 40с
[16:50:18]    🔴 HYPEUSDT: -0.158% | 98с
[16:50:19]    🟢 TAOUSDT: -0.196% | 46с
[16:50:25]    🔴 HYPEUSDT: -0.158% | 105с
[16:50:26]    🟢 TAOUSDT: -0.166% | 53с
[16:50:32]    🔴 HYPEUSDT: -0.143% | 112с
[16:50:33]    🟢 TAOUSDT: -0.153% | 60с
[16:50:39]    🔴 HYPEUSDT: -0.156% | 119с
[16:50:39]    🟢 TAOUSDT: -0.200% | 67с
[16:50:46]    🔴 HYPEUSDT: -0.143% | 125с
[16:50:46]    🟢 TAOUSDT: -0.413% | 73с
[16:50:53]    🔴 HYPEUSDT: -0.131% | 132с
[16:50:53]    🟢 TAOUSDT: -0.400% | 80с
[16:50:54] 📡 Монет в работе: 2/3 | Список: ['LYNUSDT', 'TAOUSDT', 'UAIUSDT', 'BANUSDT', 'HYPEUSDT']
[16:51:00]    🔴 HYPEUSDT: -0.163% | 140с
[16:51:00]    🟢 TAOUSDT: -0.193% | 88с
[16:51:07]    🔴 HYPEUSDT: -0.126% | 146с
[16:51:07]    🟢 TAOUSDT: -0.097% | 94с
[16:51:13]    🔴 HYPEUSDT: -0.118% | 153с
[16:51:14]    🟢 TAOUSDT: -0.140% | 101с
[16:51:20]    🔴 HYPEUSDT: -0.123% | 160с
[16:51:20]    🟢 TAOUSDT: -0.176% | 108с
[16:51:27]    🔴 HYPEUSDT: -0.133% | 166с
[16:51:27]    🟢 TAOUSDT: -0.306% | 114с
[16:51:33]    🔴 HYPEUSDT: -0.158% | 173с
[16:51:34]    🟢 TAOUSDT: -0.306% | 121с
[16:51:40]    🔴 HYPEUSDT: -0.103% | 180с
[16:51:40]    🟢 TAOUSDT: -0.256% | 128с
[16:51:47]    🔴 HYPEUSDT: -0.080% | 186с
[16:51:47]    🟢 TAOUSDT: -0.333% | 134с
[16:51:53]    🔴 HYPEUSDT: -0.103% | 193с
[16:51:54]    🟢 TAOUSDT: -0.376% | 141с
[16:52:00]    🔴 HYPEUSDT: -0.055% | 200с
[16:52:00]    🟢 TAOUSDT: -0.343% | 148с
[16:52:07]    🔴 HYPEUSDT: -0.088% | 206с
[16:52:07]    🟢 TAOUSDT: -0.300% | 154с
[16:52:13]    🔴 HYPEUSDT: -0.078% | 213с
[16:52:14]    🟢 TAOUSDT: -0.323% | 161с
[16:52:14] 📡 Монет в работе: 2/3 | Список: ['LYNUSDT', 'TAOUSDT', 'UAIUSDT', 'BANUSDT', 'HYPEUSDT']
[16:52:20]    🔴 HYPEUSDT: -0.068% | 220с
[16:52:20]    🟢 TAOUSDT: -0.390% | 168с
[16:52:27]    🔴 HYPEUSDT: -0.078% | 226с
[16:52:27]    🟢 TAOUSDT: -0.316% | 174с
[16:52:33]    🔴 HYPEUSDT: -0.100% | 233с
[16:52:34]    🟢 TAOUSDT: -0.250% | 181с
[16:52:40]    🔴 HYPEUSDT: -0.078% | 240с
[16:52:40]    🟢 TAOUSDT: -0.256% | 188с
[16:52:47]    🔴 HYPEUSDT: +0.013% | 246с
[16:52:47]    🟢 TAOUSDT: -0.256% | 194с
[16:52:55]    🔴 HYPEUSDT: +0.000% | 254с
[16:52:55]    🟢 TAOUSDT: -0.246% | 202с
[16:53:02]    🔴 HYPEUSDT: -0.025% | 261с
[16:53:02]    🟢 TAOUSDT: -0.137% | 210с
[16:53:08]    🔴 HYPEUSDT: -0.121% | 268с
[16:53:09]    🟢 TAOUSDT: -0.030% | 216с
[16:53:15]    🔴 HYPEUSDT: -0.314% | 275с
[16:53:16]    🟢 TAOUSDT: -0.060% | 223с
[16:53:22]    🔴 HYPEUSDT: -0.269% | 281с
[16:53:22]    🟢 TAOUSDT: -0.100% | 229с
[16:53:28]    🔴 HYPEUSDT: -0.231% | 288с
[16:53:29]    🟢 TAOUSDT: -0.077% | 236с
[16:53:35]    🔴 HYPEUSDT: -0.259% | 295с
[16:53:35]    🟢 TAOUSDT: -0.097% | 243с
[16:53:36] 📡 Монет в работе: 2/3 | Список: ['LYNUSDT', 'TAOUSDT', 'UAIUSDT', 'BANUSDT', 'HYPEUSDT']
[16:53:42]    🔴 HYPEUSDT: -0.226% | 301с
[16:53:42]    🟢 TAOUSDT: -0.043% | 249с
[16:53:48]    🔴 HYPEUSDT: -0.206% | 308с
[16:53:49]    🟢 TAOUSDT: -0.103% | 256с
[16:53:56]    🔴 HYPEUSDT: -0.231% | 316с
[16:53:56]    🟢 TAOUSDT: -0.140% | 264с
[16:54:03]    🔴 HYPEUSDT: -0.231% | 322с
[16:54:05]    🟢 TAOUSDT: -0.193% | 272с
[16:54:11]    🔴 HYPEUSDT: -0.224% | 331с
[16:54:12]    🟢 TAOUSDT: -0.186% | 279с
[16:54:18]    🔴 HYPEUSDT: -0.216% | 337с
[16:54:18]    🟢 TAOUSDT: -0.190% | 286с
[16:54:24]    🔴 HYPEUSDT: -0.156% | 344с
[16:54:25]    🟢 TAOUSDT: -0.300% | 292с
[16:54:31]    🔴 HYPEUSDT: -0.078% | 351с
[16:54:31]    🟢 TAOUSDT: -0.246% | 299с
[16:54:38]    🔴 HYPEUSDT: -0.156% | 357с
[16:54:38]    🟢 TAOUSDT: -0.196% | 305с
[16:54:44]    🔴 HYPEUSDT: -0.156% | 364с
[16:54:45]    🟢 TAOUSDT: -0.127% | 312с
[16:55:02]    🔴 HYPEUSDT: -0.196% | 382с
[16:55:03]    🟢 TAOUSDT: -0.166% | 331с
[16:55:09]    🔴 HYPEUSDT: -0.196% | 389с
[16:55:10]    🟢 TAOUSDT: -0.233% | 337с
[16:55:10] 📡 Монет в работе: 2/3 | Список: ['LYNUSDT', 'XAUTUSDT', 'RIVERUSDT', 'UAIUSDT', 'BANUSDT']
[16:55:18]    🔴 HYPEUSDT: -0.178% | 398с
[16:55:18]    🟢 TAOUSDT: -0.260% | 346с
[16:55:25]    🔴 HYPEUSDT: -0.171% | 404с
[16:55:25]    🟢 TAOUSDT: -0.286% | 352с
[16:55:31]    🔴 HYPEUSDT: -0.188% | 411с
[16:55:32]    🟢 TAOUSDT: -0.313% | 359с
[16:55:38]    🔴 HYPEUSDT: -0.311% | 418с
[16:55:38]    🟢 TAOUSDT: -0.203% | 366с
[16:55:45]    🔴 HYPEUSDT: -0.284% | 424с
[16:55:45]    🟢 TAOUSDT: -0.233% | 372с
[16:55:51]    🔴 HYPEUSDT: -0.254% | 431с
[16:55:52]    🟢 TAOUSDT: -0.256% | 379с
[16:55:58]    🔴 HYPEUSDT: -0.259% | 438с
[16:55:58]    🟢 TAOUSDT: -0.266% | 386с
[16:56:05]    🔴 HYPEUSDT: -0.168% | 445с
[16:56:05]    🟢 TAOUSDT: -0.270% | 393с
[16:56:12]    🔴 HYPEUSDT: -0.156% | 451с
[16:56:12]    🟢 TAOUSDT: -0.243% | 399с
[16:56:18]    🔴 HYPEUSDT: -0.138% | 458с
[16:56:19]    🟢 TAOUSDT: -0.230% | 406с
[16:56:25]    🔴 HYPEUSDT: -0.136% | 464с
[16:56:25]    🟢 TAOUSDT: -0.320% | 413с
[16:56:33]    🔴 HYPEUSDT: -0.065% | 473с
[16:56:34]    🟢 TAOUSDT: -0.323% | 421с
[16:56:34] 📡 Монет в работе: 2/3 | Список: ['LYNUSDT', 'XAUTUSDT', 'RIVERUSDT', 'UAIUSDT', 'BANUSDT']
[16:56:40]    🔴 HYPEUSDT: -0.055% | 480с
[16:56:40]    🟢 TAOUSDT: -0.286% | 428с
[16:56:47]    🔴 HYPEUSDT: -0.035% | 486с
[16:56:47]    🟢 TAOUSDT: -0.306% | 434с
[16:56:54]    🔴 HYPEUSDT: -0.045% | 493с
[16:56:54]    🟢 TAOUSDT: -0.293% | 441с
[16:57:00]    🔴 HYPEUSDT: -0.055% | 500с
[16:57:01]    🟢 TAOUSDT: -0.210% | 448с
[16:57:07]    🔴 HYPEUSDT: -0.181% | 507с
[16:57:07]    🟢 TAOUSDT: -0.210% | 455с
[16:57:14]    🔴 HYPEUSDT: -0.163% | 514с
[16:57:14]    🟢 TAOUSDT: -0.276% | 462с
[16:57:21]    🔴 HYPEUSDT: -0.163% | 520с
[16:57:21]    🟢 TAOUSDT: -0.290% | 468с
[16:57:27]    🔴 HYPEUSDT: -0.203% | 527с
[16:57:28]    🟢 TAOUSDT: -0.286% | 475с
[16:57:34]    🔴 HYPEUSDT: -0.141% | 534с
[16:57:34]    🟢 TAOUSDT: -0.353% | 482с
[16:57:43]    🔴 HYPEUSDT: -0.131% | 542с
[16:57:43]    🟢 TAOUSDT: -0.410% | 490с
[16:57:49]    🔴 HYPEUSDT: -0.103% | 549с
[16:57:50]    🟢 TAOUSDT: -0.333% | 497с
[16:57:56]    🔴 HYPEUSDT: -0.136% | 556с
[16:57:57]    🟢 TAOUSDT: -0.403% | 504с
[16:57:58] 📡 Монет в работе: 2/3 | Список: ['LYNUSDT', 'XAUTUSDT', 'RIVERUSDT', 'UAIUSDT', 'BANUSDT']
[16:58:04]    🔴 HYPEUSDT: -0.183% | 563с
[16:58:05]    🟢 TAOUSDT: -0.300% | 512с
[16:58:11]    🔴 HYPEUSDT: -0.208% | 570с
[16:58:11]    🟢 TAOUSDT: -0.380% | 518с
[16:58:17]    🔴 HYPEUSDT: -0.143% | 577с
[16:58:18]    🟢 TAOUSDT: -0.439% | 525с
[16:58:24]    🔴 HYPEUSDT: -0.095% | 584с
[16:58:24]    🟢 TAOUSDT: -0.539% | 532с
[16:58:31]    🔴 HYPEUSDT: -0.121% | 590с
[16:58:31]    🟢 TAOUSDT: -0.679% | 538с
[16:58:37]    🔴 HYPEUSDT: -0.153% | 597с
[16:58:38]    🟢 TAOUSDT: -0.699% | 545с
[16:58:44]    🔴 HYPEUSDT: -0.211% | 604с
[16:58:44]    🟢 TAOUSDT: -0.766% | 552с
[16:58:51]    🔴 HYPEUSDT: -0.176% | 610с
[16:58:51]    🟢 TAOUSDT: -0.756% | 558с
[16:58:57]    🔴 HYPEUSDT: -0.113% | 617с
[16:58:58]    🟢 TAOUSDT: -0.736% | 565с
[16:59:04]    🔴 HYPEUSDT: -0.171% | 624с
[16:59:05]    🟢 TAOUSDT: -0.752% | 572с
[16:59:11]    🔴 HYPEUSDT: -0.203% | 631с
[16:59:11]    🟢 TAOUSDT: -0.732% | 579с
[16:59:18]    🔴 HYPEUSDT: -0.214% | 637с
[16:59:18]    🟢 TAOUSDT: -0.762% | 585с
[16:59:19] 📡 Монет в работе: 2/3 | Список: ['LYNUSDT', 'XAUTUSDT', 'RIVERUSDT', 'UAIUSDT', 'BANUSDT']
[16:59:24]    🔴 HYPEUSDT: -0.158% | 644с
[16:59:25]    🟢 TAOUSDT: -0.876% | 592с
[16:59:31]    🔴 HYPEUSDT: -0.183% | 651с
[16:59:31]    🟢 TAOUSDT: -0.906% | 599с
[16:59:38]    🔴 HYPEUSDT: -0.186% | 657с
[16:59:38]    🟢 TAOUSDT: -0.802% | 605с
[16:59:45]    🔴 HYPEUSDT: -0.166% | 664с
[16:59:45]    🟢 TAOUSDT: -0.886% | 612с
[16:59:51]    🔴 HYPEUSDT: -0.156% | 671с
[16:59:52]    🟢 TAOUSDT: -0.899% | 619с
[16:59:58]    🔴 HYPEUSDT: -0.151% | 678с
[16:59:58]    🟢 TAOUSDT: -0.892% | 626с
[17:00:07]    🔴 HYPEUSDT: -0.123% | 687с
[17:00:07]    🟢 TAOUSDT: -1.022% | 635с
[17:00:14]    🔴 HYPEUSDT: -0.013% | 694с
[17:00:14]    🟢 TAOUSDT: -0.962% | 642с
[17:00:21]    🔴 HYPEUSDT: +0.023% | 700с
[17:00:21]    🟢 TAOUSDT: -1.049% | 648с
[17:00:27]    🔴 HYPEUSDT: +0.214% | 707с
[17:00:28]    🟢 TAOUSDT: -1.045% | 655с
[17:00:34] ⚠️  HYPEUSDT: P&L с биржи недоступен, считаем по цене
[17:00:34] ━━━━━━━━━━━━━━━━━━━━━━━━━━━━━━━━━━━━━━━━━━━━━━━━━━━━━━━
[17:00:34] ✅ ЗАКРЫТО: HYPEUSDT | +0.276% | +0.4301 USDT | Биржа (TP/SL/ручное)
[17:00:34]    ⏱️  713с
[17:00:34] ━━━━━━━━━━━━━━━━━━━━━━━━━━━━━━━━━━━━━━━━━━━━━━━━━━━━━━━
[17:00:34] 
[17:00:34] 📊 СТАТИСТИКА:
[17:00:34]    Сделок: 5 | Win: 5 | Loss: 0
[17:00:34]    Win Rate: 100.0%
[17:00:34]    P&L итого:  +1.6534 USDT
[17:00:34]    P&L средний: +0.3307 USDT
[17:00:34] 
[17:00:35]    🟢 TAOUSDT: -1.175% | 662с
[17:00:41] ━━━━━━━━━━━━━━━━━━━━━━━━━━━━━━━━━━━━━━━━━━━━━━━━━━━━━━━
[17:00:41] 💰 APRUSDT | 🟢 LONG
[17:00:41]    📍 Вход:  0.137183
[17:00:41]    🎯 TP:    0.137410  (+0.299%)
[17:00:41]    📊 1126.0 ед. (154.47 USDT) | 1.63с
[17:00:41] ━━━━━━━━━━━━━━━━━━━━━━━━━━━━━━━━━━━━━━━━━━━━━━━━━━━━━━━
[17:00:48] ⚠️  APRUSDT: P&L с биржи недоступен, считаем по цене
[17:00:48] ━━━━━━━━━━━━━━━━━━━━━━━━━━━━━━━━━━━━━━━━━━━━━━━━━━━━━━━
[17:00:48] ❌ ЗАКРЫТО: APRUSDT | -0.017% | -0.0261 USDT | Биржа (TP/SL/ручное)
[17:00:48]    ⏱️  5с
[17:00:48] ━━━━━━━━━━━━━━━━━━━━━━━━━━━━━━━━━━━━━━━━━━━━━━━━━━━━━━━
[17:00:48] 
[17:00:48] 📊 СТАТИСТИКА:
[17:00:48]    Сделок: 6 | Win: 5 | Loss: 1
[17:00:48]    Win Rate: 83.3%
[17:00:48]    P&L итого:  +1.6273 USDT
[17:00:48]    P&L средний: +0.2712 USDT
[17:00:48] 
[17:00:48]    🟢 TAOUSDT: -1.302% | 675с
[17:00:48] 📡 Монет в работе: 1/3 | Список: ['LYNUSDT', 'XAUTUSDT', 'RIVERUSDT', 'UAIUSDT', 'BANUSDT']
[17:00:54]    🟢 TAOUSDT: -1.185% | 682с
[17:01:02] ━━━━━━━━━━━━━━━━━━━━━━━━━━━━━━━━━━━━━━━━━━━━━━━━━━━━━━━
[17:01:02] 💰 APRUSDT | 🟢 LONG
[17:01:02]    📍 Вход:  0.138330
[17:01:02]    🎯 TP:    0.138820  (+0.303%)
[17:01:02]    📊 1113.0 ед. (153.96 USDT) | 2.01с
[17:01:02] ━━━━━━━━━━━━━━━━━━━━━━━━━━━━━━━━━━━━━━━━━━━━━━━━━━━━━━━
[17:01:08] ⚠️  APRUSDT: P&L с биржи недоступен, считаем по цене
[17:01:08] ━━━━━━━━━━━━━━━━━━━━━━━━━━━━━━━━━━━━━━━━━━━━━━━━━━━━━━━
[17:01:08] ✅ ЗАКРЫТО: APRUSDT | +0.933% | +1.4358 USDT | Биржа (TP/SL/ручное)
[17:01:08]    ⏱️  5с
[17:01:08] ━━━━━━━━━━━━━━━━━━━━━━━━━━━━━━━━━━━━━━━━━━━━━━━━━━━━━━━
[17:01:08] 
[17:01:08] 📊 СТАТИСТИКА:
[17:01:08]    Сделок: 7 | Win: 6 | Loss: 1
[17:01:08]    Win Rate: 85.7%
[17:01:08]    P&L итого:  +3.0631 USDT
[17:01:08]    P&L средний: +0.4376 USDT
[17:01:08] 
[17:01:08]    🟢 TAOUSDT: -1.358% | 696с
[17:01:15]    🟢 TAOUSDT: -1.392% | 702с
[17:01:21] ━━━━━━━━━━━━━━━━━━━━━━━━━━━━━━━━━━━━━━━━━━━━━━━━━━━━━━━
[17:01:21] 💰 XAUTUSDT | 🔴 SHORT
[17:01:21]    📍 Вход:  4680.812121
[17:01:21]    🎯 TP:    4667.300000  (+0.299%)
[17:01:21]    📊 0.033 ед. (154.47 USDT) | 1.64с
[17:01:21] ━━━━━━━━━━━━━━━━━━━━━━━━━━━━━━━━━━━━━━━━━━━━━━━━━━━━━━━
[17:01:26]    🟢 TAOUSDT: -1.129% | 714с
[17:01:27]    🔴 XAUTUSDT: +0.000% | 6с
[17:01:34]    🟢 TAOUSDT: -1.155% | 721с
[17:01:34]    🔴 XAUTUSDT: -0.013% | 13с
[17:01:40]    🟢 TAOUSDT: -1.082% | 728с
[17:01:41]    🔴 XAUTUSDT: -0.013% | 20с
[17:01:47]    🟢 TAOUSDT: -1.135% | 734с
[17:01:47]    🔴 XAUTUSDT: -0.030% | 27с
[17:01:54]    🟢 TAOUSDT: -1.155% | 741с
[17:01:54]    🔴 XAUTUSDT: -0.064% | 33с
[17:02:01]    🟢 TAOUSDT: -1.099% | 748с
[17:02:01]    🔴 XAUTUSDT: -0.066% | 41с
[17:02:07]    🟢 TAOUSDT: -0.856% | 755с
[17:02:08]    🔴 XAUTUSDT: -0.038% | 47с
[17:02:14]    🟢 TAOUSDT: -0.876% | 761с
[17:02:14]    🔴 XAUTUSDT: -0.021% | 54с
[17:02:21]    🟢 TAOUSDT: -1.075% | 768с
[17:02:21]    🔴 XAUTUSDT: -0.004% | 60с
[17:02:21] 📡 Монет в работе: 2/3 | Список: ['LYNUSDT', 'XAUTUSDT', 'RIVERUSDT', 'UAIUSDT', 'BANUSDT']
[17:02:29]    🟢 TAOUSDT: -1.052% | 776с
[17:02:29]    🔴 XAUTUSDT: -0.017% | 69с
[17:02:36]    🟢 TAOUSDT: -1.019% | 783с
[17:02:36]    🔴 XAUTUSDT: -0.021% | 75с
[17:02:42]    🟢 TAOUSDT: -1.089% | 790с
[17:02:43]    🔴 XAUTUSDT: -0.021% | 82с
[17:02:49]    🟢 TAOUSDT: -1.169% | 796с
[17:02:49]    🔴 XAUTUSDT: +0.005% | 89с
[17:02:56]    🟢 TAOUSDT: -1.152% | 803с
[17:02:56]    🔴 XAUTUSDT: +0.022% | 95с
[17:03:03]    🟢 TAOUSDT: -1.085% | 810с
[17:03:03]    🔴 XAUTUSDT: +0.013% | 102с
[17:03:10]    🟢 TAOUSDT: -1.005% | 817с
[17:03:10]    🔴 XAUTUSDT: +0.017% | 110с
[17:03:17]    🟢 TAOUSDT: -1.072% | 824с
[17:03:17]    🔴 XAUTUSDT: +0.026% | 117с
[17:03:23]    🟢 TAOUSDT: -1.062% | 831с
[17:03:24]    🔴 XAUTUSDT: +0.026% | 123с
[17:03:30]    🟢 TAOUSDT: -0.996% | 837с
[17:03:30]    🔴 XAUTUSDT: +0.030% | 130с
[17:03:37]    🟢 TAOUSDT: -0.952% | 844с
[17:03:37]    🔴 XAUTUSDT: +0.030% | 137с
[17:03:44]    🟢 TAOUSDT: -0.866% | 851с
[17:03:44]    🔴 XAUTUSDT: +0.045% | 143с
[17:03:44] 📡 Монет в работе: 2/3 | Список: ['LYNUSDT', 'XAUTUSDT', 'RIVERUSDT', 'UAIUSDT', 'BANUSDT']
[17:03:50]    🟢 TAOUSDT: -0.936% | 858с
[17:03:51]    🔴 XAUTUSDT: +0.086% | 150с
[17:03:57]    🟢 TAOUSDT: -0.969% | 864с
[17:03:57]    🔴 XAUTUSDT: +0.084% | 157с
[17:04:04]    🟢 TAOUSDT: -0.992% | 871с
[17:04:04]    🔴 XAUTUSDT: +0.066% | 164с
[17:04:11]    🟢 TAOUSDT: -0.852% | 878с
[17:04:11]    🔴 XAUTUSDT: +0.064% | 170с
[17:04:17]    🟢 TAOUSDT: -0.946% | 885с
[17:04:18]    🔴 XAUTUSDT: +0.054% | 177с
[17:04:24]    🟢 TAOUSDT: -0.782% | 891с
[17:04:24]    🔴 XAUTUSDT: +0.026% | 184с
[17:04:31]    🟢 TAOUSDT: -0.726% | 898с
[17:04:31]    🔴 XAUTUSDT: +0.032% | 190с
[17:04:37]    🟢 TAOUSDT: -0.742% | 905с
[17:04:38]    🔴 XAUTUSDT: +0.060% | 197с
[17:04:44]    🟢 TAOUSDT: -0.919% | 911с
[17:04:44]    🔴 XAUTUSDT: +0.062% | 204с
[17:04:51]    🟢 TAOUSDT: -0.836% | 918с
[17:04:51]    🔴 XAUTUSDT: +0.056% | 210с
[17:04:57]    🟢 TAOUSDT: -0.836% | 925с
[17:04:58]    🔴 XAUTUSDT: +0.052% | 217с
[17:05:05]    🟢 TAOUSDT: -0.916% | 932с
[17:05:06]    🔴 XAUTUSDT: +0.062% | 225с
[17:05:06] 📡 Монет в работе: 2/3 | Список: ['LYNUSDT', 'XAUTUSDT', 'RIVERUSDT', 'UAIUSDT', 'BANUSDT']
[17:05:12]    🟢 TAOUSDT: -0.906% | 940с
[17:05:13]    🔴 XAUTUSDT: +0.077% | 232с
[17:05:19]    🟢 TAOUSDT: -1.065% | 946с
[17:05:19]    🔴 XAUTUSDT: +0.116% | 239с
[17:05:26]    🟢 TAOUSDT: -1.032% | 953с
[17:05:26]    🔴 XAUTUSDT: +0.062% | 246с
[17:05:32]    🟢 TAOUSDT: -1.069% | 960с
[17:05:33]    🔴 XAUTUSDT: +0.052% | 252с
[17:05:39]    🟢 TAOUSDT: -1.075% | 966с
[17:05:39]    🔴 XAUTUSDT: +0.049% | 259с
[17:05:46]    🟢 TAOUSDT: -1.039% | 973с
[17:05:46]    🔴 XAUTUSDT: +0.034% | 265с
[17:05:52]    🟢 TAOUSDT: -1.152% | 980с
[17:05:53]    🔴 XAUTUSDT: +0.030% | 272с
[17:06:01]    🟢 TAOUSDT: -1.132% | 988с
[17:06:01]    🔴 XAUTUSDT: +0.030% | 281с
[17:06:08]    🟢 TAOUSDT: -1.085% | 995с
[17:06:08]    🔴 XAUTUSDT: +0.052% | 288с
[17:06:14]    🟢 TAOUSDT: -1.155% | 1002с
[17:06:15]    🔴 XAUTUSDT: +0.047% | 294с
[17:06:21]    🟢 TAOUSDT: -1.055% | 1008с
[17:06:22]    🔴 XAUTUSDT: +0.052% | 301с
[17:06:28]    🟢 TAOUSDT: -1.045% | 1015с
[17:06:28]    🔴 XAUTUSDT: +0.054% | 308с
[17:06:28] 📡 Монет в работе: 2/3 | Список: ['LYNUSDT', 'XAUTUSDT', 'RIVERUSDT', 'UAIUSDT', 'BANUSDT']
[17:06:34]    🟢 TAOUSDT: -1.052% | 1022с
[17:06:35]    🔴 XAUTUSDT: +0.069% | 314с
[17:06:41]    🟢 TAOUSDT: -1.075% | 1028с
[17:06:42]    🔴 XAUTUSDT: +0.081% | 321с
[17:06:48]    🟢 TAOUSDT: -1.182% | 1035с
[17:06:48]    🔴 XAUTUSDT: +0.084% | 328с
[17:06:54]    🟢 TAOUSDT: -1.152% | 1042с
[17:06:55]    🔴 XAUTUSDT: +0.058% | 334с
[17:07:01]    🟢 TAOUSDT: -1.132% | 1048с
[17:07:01]    🔴 XAUTUSDT: +0.056% | 341с
[17:07:08]    🟢 TAOUSDT: -1.269% | 1055с
[17:07:08]    🔴 XAUTUSDT: +0.054% | 348с
[17:07:15]    🟢 TAOUSDT: -1.205% | 1062с
[17:07:15]    🔴 XAUTUSDT: -0.017% | 355с
[17:07:22]    🟢 TAOUSDT: -1.099% | 1069с
[17:07:22]    🔴 XAUTUSDT: -0.013% | 362с
[17:07:28]    🟢 TAOUSDT: -1.109% | 1076с
[17:07:29]    🔴 XAUTUSDT: -0.013% | 368с
[17:07:35]    🟢 TAOUSDT: -0.982% | 1082с
[17:07:35]    🔴 XAUTUSDT: -0.015% | 375с
[17:07:42]    🟢 TAOUSDT: -1.005% | 1089с
[17:07:42]    🔴 XAUTUSDT: -0.015% | 382с
[17:07:48]    🟢 TAOUSDT: -1.059% | 1096с
[17:07:49]    🔴 XAUTUSDT: -0.025% | 388с
[17:07:49] 📡 Монет в работе: 2/3 | Список: ['LYNUSDT', 'XAUTUSDT', 'RIVERUSDT', 'UAIUSDT', 'BANUSDT']
[17:07:55]    🟢 TAOUSDT: -1.055% | 1102с
[17:07:56]    🔴 XAUTUSDT: -0.055% | 395с
[17:08:02]    🟢 TAOUSDT: -1.079% | 1109с
[17:08:02]    🔴 XAUTUSDT: -0.062% | 402с
[17:08:09]    🟢 TAOUSDT: -1.062% | 1116с
[17:08:09]    🔴 XAUTUSDT: -0.077% | 409с
[17:08:16]    🟢 TAOUSDT: -1.162% | 1123с
[17:08:16]    🔴 XAUTUSDT: -0.077% | 415с
[17:08:25]    🟢 TAOUSDT: -1.179% | 1132с
[17:08:26]    🔴 XAUTUSDT: -0.070% | 425с
[17:08:32]    🟢 TAOUSDT: -1.205% | 1139с
[17:08:32]    🔴 XAUTUSDT: -0.064% | 432с
[17:08:38]    🟢 TAOUSDT: -1.242% | 1146с
[17:08:39]    🔴 XAUTUSDT: -0.062% | 438с
[17:08:45]    🟢 TAOUSDT: -1.315% | 1152с
[17:08:46]    🔴 XAUTUSDT: -0.062% | 445с
[17:08:52]    🟢 TAOUSDT: -1.288% | 1159с
[17:08:52]    🔴 XAUTUSDT: -0.047% | 452с
[17:08:58]    🟢 TAOUSDT: -1.445% | 1166с
[17:08:59]    🔴 XAUTUSDT: -0.047% | 458с
[17:09:05]    🟢 TAOUSDT: -1.269% | 1172с
[17:09:06]    🔴 XAUTUSDT: -0.049% | 465с
[17:09:12]    🟢 TAOUSDT: -1.222% | 1179с
[17:09:13]    🔴 XAUTUSDT: -0.062% | 472с
[17:09:13] 📡 Монет в работе: 2/3 | Список: ['LYNUSDT', 'XAUTUSDT', 'RIVERUSDT', 'UAIUSDT', 'BANUSDT']
[17:09:19]    🟢 TAOUSDT: -1.195% | 1186с
[17:09:19]    🔴 XAUTUSDT: -0.072% | 479с
[17:09:25]    🟢 TAOUSDT: -1.192% | 1193с
[17:09:26]    🔴 XAUTUSDT: -0.089% | 485с
[17:09:34]    🟢 TAOUSDT: -1.368% | 1201с
[17:09:34]    🔴 XAUTUSDT: -0.072% | 494с
[17:09:41]    🟢 TAOUSDT: -1.298% | 1208с
[17:09:41]    🔴 XAUTUSDT: -0.072% | 500с
[17:09:48]    🟢 TAOUSDT: -1.385% | 1215с
[17:09:48]    🔴 XAUTUSDT: -0.104% | 507с
[17:10:04]    🟢 TAOUSDT: -1.275% | 1231с
[17:10:04]    🔴 XAUTUSDT: -0.094% | 524с
[17:10:11]    🟢 TAOUSDT: -1.398% | 1238с
[17:10:12]    🔴 XAUTUSDT: -0.128% | 531с
[17:10:18]    🟢 TAOUSDT: -1.458% | 1245с
[17:10:19]    🔴 XAUTUSDT: -0.134% | 538с
[17:10:25]    🟢 TAOUSDT: -1.535% | 1252с
[17:10:25]    🔴 XAUTUSDT: -0.134% | 545с
[17:10:31]    🟢 TAOUSDT: -1.525% | 1259с
[17:10:32]    🔴 XAUTUSDT: -0.126% | 551с
[17:10:38]    🟢 TAOUSDT: -1.522% | 1265с
[17:10:39]    🔴 XAUTUSDT: -0.126% | 558с
[17:10:46]    🟢 TAOUSDT: -1.508% | 1273с
[17:10:46]    🔴 XAUTUSDT: -0.136% | 566с
[17:10:47] 📡 Монет в работе: 2/3 | Список: ['TAOUSDT', 'RIVERUSDT', 'XAUTUSDT', 'PIPPINUSDT', 'UAIUSDT']
[17:10:52]    🟢 TAOUSDT: -1.571% | 1280с
[17:10:53]    🔴 XAUTUSDT: -0.169% | 572с
[17:10:59]    🟢 TAOUSDT: -1.585% | 1286с
[17:11:00]    🔴 XAUTUSDT: -0.169% | 579с
[17:11:06]    🟢 TAOUSDT: -1.482% | 1293с
[17:11:06]    🔴 XAUTUSDT: -0.156% | 586с
[17:11:12]    🟢 TAOUSDT: -1.229% | 1300с
[17:11:13]    🔴 XAUTUSDT: -0.156% | 592с
[17:11:19]    🟢 TAOUSDT: -1.305% | 1306с
[17:11:20]    🔴 XAUTUSDT: -0.156% | 599с
[17:11:26]    🟢 TAOUSDT: -1.445% | 1313с
[17:11:26]    🔴 XAUTUSDT: -0.156% | 606с
[17:11:32]    🟢 TAOUSDT: -1.418% | 1320с
[17:11:33]    🔴 XAUTUSDT: -0.156% | 612с
[17:11:39]    🟢 TAOUSDT: -1.415% | 1326с
[17:11:39]    🔴 XAUTUSDT: -0.166% | 619с
[17:11:46]    🟢 TAOUSDT: -1.435% | 1333с
[17:11:46]    🔴 XAUTUSDT: -0.179% | 626с
[17:11:52]    🟢 TAOUSDT: -1.422% | 1340с
[17:11:53]    🔴 XAUTUSDT: -0.179% | 632с
[17:11:59]    🟢 TAOUSDT: -1.435% | 1346с
[17:11:59]    🔴 XAUTUSDT: -0.181% | 639с
[17:12:06]    🟢 TAOUSDT: -1.428% | 1353с
[17:12:06]    🔴 XAUTUSDT: -0.179% | 646с
[17:12:07] 📡 Монет в работе: 2/3 | Список: ['TAOUSDT', 'RIVERUSDT', 'XAUTUSDT', 'PIPPINUSDT', 'UAIUSDT']
[17:12:12]    🟢 TAOUSDT: -1.405% | 1360с
[17:12:13]    🔴 XAUTUSDT: -0.181% | 653с
[17:12:20]    🟢 TAOUSDT: -1.422% | 1367с
[17:12:20]    🔴 XAUTUSDT: -0.181% | 660с
[17:12:26]    🟢 TAOUSDT: -1.415% | 1374с
[17:12:27]    🔴 XAUTUSDT: -0.181% | 666с
[17:12:33]    🟢 TAOUSDT: -1.368% | 1380с
[17:12:33]    🔴 XAUTUSDT: -0.213% | 673с
[17:12:40]    🟢 TAOUSDT: -1.348% | 1387с
[17:12:40]    🔴 XAUTUSDT: -0.216% | 680с
[17:12:46]    🟢 TAOUSDT: -1.405% | 1394с
[17:12:47]    🔴 XAUTUSDT: -0.196% | 686с
[17:12:53]    🟢 TAOUSDT: -1.388% | 1400с
[17:12:53]    🔴 XAUTUSDT: -0.192% | 693с
[17:13:00]    🟢 TAOUSDT: -1.402% | 1407с
[17:13:00]    🔴 XAUTUSDT: -0.196% | 700с
[17:13:06]    🟢 TAOUSDT: -1.428% | 1414с
[17:13:07]    🔴 XAUTUSDT: -0.201% | 706с
[17:13:13]    🟢 TAOUSDT: -1.418% | 1421с
[17:13:14]    🔴 XAUTUSDT: -0.222% | 713с
[17:13:20]    🟢 TAOUSDT: -1.425% | 1428с
[17:13:21]    🔴 XAUTUSDT: -0.230% | 720с
[17:13:27]    🟢 TAOUSDT: -1.462% | 1434с
[17:13:28]    🔴 XAUTUSDT: -0.233% | 727с
[17:13:28] 📡 Монет в работе: 2/3 | Список: ['TAOUSDT', 'RIVERUSDT', 'XAUTUSDT', 'PIPPINUSDT', 'UAIUSDT']
[17:13:34]    🟢 TAOUSDT: -1.505% | 1441с
[17:13:34]    🔴 XAUTUSDT: -0.222% | 734с
[17:13:40]    🟢 TAOUSDT: -1.538% | 1448с
[17:13:41]    🔴 XAUTUSDT: -0.222% | 740с
[17:13:47]    🟢 TAOUSDT: -1.615% | 1454с
[17:13:48]    🔴 XAUTUSDT: -0.218% | 747с
[17:13:54]    🟢 TAOUSDT: -1.621% | 1461с
[17:13:54]    🔴 XAUTUSDT: -0.203% | 754с
[17:14:00]    🟢 TAOUSDT: -1.618% | 1468с
[17:14:01]    🔴 XAUTUSDT: -0.175% | 760с
[17:14:07]    🟢 TAOUSDT: -1.681% | 1474с
[17:14:07]    🔴 XAUTUSDT: -0.141% | 767с
[17:14:14]    🟢 TAOUSDT: -1.775% | 1481с
[17:14:14]    🔴 XAUTUSDT: -0.132% | 774с
[17:14:20]    🟢 TAOUSDT: -1.741% | 1488с
[17:14:21]    🔴 XAUTUSDT: -0.145% | 780с
[17:14:28]    🟢 TAOUSDT: -1.618% | 1496с
[17:14:29]    🔴 XAUTUSDT: -0.145% | 788с
[17:14:36]    🟢 TAOUSDT: -1.448% | 1503с
[17:14:36]    🔴 XAUTUSDT: -0.147% | 795с
[17:14:42]    🟢 TAOUSDT: -1.488% | 1510с
[17:14:43]    🔴 XAUTUSDT: -0.147% | 802с
[17:14:49]    🟢 TAOUSDT: -1.428% | 1516с
[17:14:49]    🔴 XAUTUSDT: -0.136% | 809с
[17:14:50] 📡 Монет в работе: 2/3 | Список: ['TAOUSDT', 'RIVERUSDT', 'XAUTUSDT', 'PIPPINUSDT', 'UAIUSDT']
[17:14:56]    🟢 TAOUSDT: -1.428% | 1523с
[17:14:56]    🔴 XAUTUSDT: -0.132% | 816с
[17:15:03]    🟢 TAOUSDT: -1.478% | 1530с
[17:15:03]    🔴 XAUTUSDT: -0.113% | 822с
[17:15:09]    🟢 TAOUSDT: -1.402% | 1537с
[17:15:10]    🔴 XAUTUSDT: -0.124% | 829с
[17:15:16]    🟢 TAOUSDT: -1.375% | 1543с
[17:15:16]    🔴 XAUTUSDT: -0.119% | 836с
[17:15:23]    🟢 TAOUSDT: -1.435% | 1550с
[17:15:23]    🔴 XAUTUSDT: -0.119% | 842с
[17:15:29]    🟢 TAOUSDT: -1.445% | 1556с
[17:15:30]    🔴 XAUTUSDT: -0.119% | 849с
[17:15:36]    🟢 TAOUSDT: -1.442% | 1563с
[17:15:36]    🔴 XAUTUSDT: -0.119% | 856с
[17:15:43]    🟢 TAOUSDT: -1.458% | 1570с
[17:15:43]    🔴 XAUTUSDT: -0.113% | 863с
[17:15:50]    🟢 TAOUSDT: -1.688% | 1577с
[17:15:50]    🔴 XAUTUSDT: -0.113% | 869с
[17:15:57] ⚠️  TAOUSDT: P&L с биржи недоступен, считаем по цене
[17:15:57] ━━━━━━━━━━━━━━━━━━━━━━━━━━━━━━━━━━━━━━━━━━━━━━━━━━━━━━━
[17:15:57] ❌ ЗАКРЫТО: TAOUSDT | -1.741% | -2.7144 USDT | Биржа (TP/SL/ручное)
[17:15:57]    ⏱️  1583с
[17:15:57] ━━━━━━━━━━━━━━━━━━━━━━━━━━━━━━━━━━━━━━━━━━━━━━━━━━━━━━━
[17:15:57] 
[17:15:57] 📊 СТАТИСТИКА:
[17:15:57]    Сделок: 8 | Win: 6 | Loss: 2
[17:15:57]    Win Rate: 75.0%
[17:15:57]    P&L итого:  +0.3487 USDT
[17:15:57]    P&L средний: +0.0436 USDT
[17:15:57] 
[17:15:57]    🔴 XAUTUSDT: -0.117% | 876с
[17:16:07]    🔴 XAUTUSDT: -0.126% | 886с
[17:16:11] ━━━━━━━━━━━━━━━━━━━━━━━━━━━━━━━━━━━━━━━━━━━━━━━━━━━━━━━
[17:16:11] 💰 PIPPINUSDT | 🔴 SHORT
[17:16:11]    📍 Вход:  0.078601
[17:16:11]    🎯 TP:    0.078330  (+0.305%)
[17:16:11]    📊 1955.0 ед. (153.67 USDT) | 1.64с
[17:16:11] ━━━━━━━━━━━━━━━━━━━━━━━━━━━━━━━━━━━━━━━━━━━━━━━━━━━━━━━
[17:16:17]    🔴 XAUTUSDT: -0.136% | 897с
[17:16:18]    🔴 PIPPINUSDT: +0.167% | 7с
[17:16:18] 📡 Монет в работе: 2/3 | Список: ['TAOUSDT', 'RIVERUSDT', 'XAUTUSDT', 'PIPPINUSDT', 'UAIUSDT']
[17:16:24]    🔴 XAUTUSDT: -0.136% | 903с
[17:16:24]    🔴 PIPPINUSDT: +0.040% | 13с
[17:16:30]    🔴 XAUTUSDT: -0.134% | 910с
[17:16:31]    🔴 PIPPINUSDT: +0.218% | 20с
[17:16:37]    🔴 XAUTUSDT: -0.136% | 917с
[17:16:38]    🔴 PIPPINUSDT: +0.294% | 27с
[17:16:44] ⚠️  PIPPINUSDT: P&L с биржи недоступен, считаем по цене
[17:16:44] ━━━━━━━━━━━━━━━━━━━━━━━━━━━━━━━━━━━━━━━━━━━━━━━━━━━━━━━
[17:16:44] ❌ ЗАКРЫТО: PIPPINUSDT | -0.406% | -0.6233 USDT | Биржа (TP/SL/ручное)
[17:16:44]    ⏱️  32с
[17:16:44] ━━━━━━━━━━━━━━━━━━━━━━━━━━━━━━━━━━━━━━━━━━━━━━━━━━━━━━━
[17:16:44] 
[17:16:44] 📊 СТАТИСТИКА:
[17:16:44]    Сделок: 9 | Win: 6 | Loss: 3
[17:16:44]    Win Rate: 66.7%
[17:16:44]    P&L итого:  -0.2745 USDT
[17:16:44]    P&L средний: -0.0305 USDT
[17:16:44] 
[17:16:45]    🔴 XAUTUSDT: -0.175% | 924с
[17:16:47]    ⛔ BANUSDT: 5m ST=UP не совпадает с SHORT — пропускаем
[17:16:55]    🔴 XAUTUSDT: -0.094% | 934с
[17:16:57]    ⛔ BANUSDT: 5m ST=UP не совпадает с SHORT — пропускаем
[17:17:06]    🔴 XAUTUSDT: -0.122% | 946с
[17:17:12] ━━━━━━━━━━━━━━━━━━━━━━━━━━━━━━━━━━━━━━━━━━━━━━━━━━━━━━━
[17:17:12] 💰 BTRUSDT | 🟢 LONG
[17:17:12]    📍 Вход:  0.119127
[17:17:12]    🎯 TP:    0.119440  (+0.302%)
[17:17:12]    📊 1294.0 ед. (154.15 USDT) | 1.64с
[17:17:12] ━━━━━━━━━━━━━━━━━━━━━━━━━━━━━━━━━━━━━━━━━━━━━━━━━━━━━━━
[17:17:18]    🔴 XAUTUSDT: -0.122% | 958с
[17:17:19]    🟢 BTRUSDT: +0.011% | 6с
[17:17:25]    🔴 XAUTUSDT: -0.117% | 965с
[17:17:26]    🟢 BTRUSDT: +0.011% | 13с
[17:17:32]    🔴 XAUTUSDT: -0.115% | 971с
[17:17:32]    🟢 BTRUSDT: +0.019% | 20с
[17:17:39]    🔴 XAUTUSDT: -0.124% | 978с
[17:17:39]    🟢 BTRUSDT: +0.019% | 27с
[17:17:45]    🔴 XAUTUSDT: -0.124% | 985с
[17:17:46]    🟢 BTRUSDT: +0.019% | 33с
[17:17:52]    🔴 XAUTUSDT: -0.102% | 991с
[17:17:52]    🟢 BTRUSDT: +0.019% | 40с
[17:17:53] 📡 Монет в работе: 2/3 | Список: ['TAOUSDT', 'RIVERUSDT', 'XAUTUSDT', 'PIPPINUSDT', 'UAIUSDT']
[17:17:59]    🔴 XAUTUSDT: -0.124% | 998с
[17:17:59]    🟢 BTRUSDT: +0.019% | 47с
[17:18:05]    🔴 XAUTUSDT: -0.102% | 1005с
[17:18:06]    🟢 BTRUSDT: +0.196% | 53с
[17:18:12]    🔴 XAUTUSDT: -0.081% | 1011с
[17:18:12]    🟢 BTRUSDT: +0.170% | 60с
[17:18:16] 
[17:18:16] 📊 СТАТИСТИКА:
[17:18:16]    Сделок: 9 | Win: 6 | Loss: 3
[17:18:16]    Win Rate: 66.7%
[17:18:16]    P&L итого:  -0.2745 USDT
[17:18:16]    P&L средний: -0.0305 USDT
[17:18:16] 
