[17:31:32]    ⛔ TAOUSDT: 5m=DOWN ≠ LONG — пропуск
[17:31:43]    ⛔ TAOUSDT: 5m=DOWN ≠ LONG — пропуск
[17:31:49]    ⛔ FARTCOINUSDT: 5m=DOWN ≠ LONG — пропуск
[17:31:54]    ⛔ TAOUSDT: 5m=DOWN ≠ LONG — пропуск
[17:32:00]    ⛔ FARTCOINUSDT: 5m=DOWN ≠ LONG — пропуск
[17:32:26]    ⛔ PIPPINUSDT: 5m=DOWN ≠ LONG — пропуск
[17:32:42] ━━━━━━━━━━━━━━━━━━━━━━━━━━━━━━━━━━━━━━━━━━━━━━━━━━━━━━━
[17:32:42] 💰 СДЕЛКА: PIPPINUSDT | 🟢 LONG
[17:32:42]    📍 Вход:   0.079637
[17:32:42]    🎯 TP:     0.079880  (+0.301%)
[17:32:42]    📊 1960.0 ед. (156.09 USDT) | 2.28с
[17:32:42]    📈 5m ST:  ↑UP
[17:32:42] ━━━━━━━━━━━━━━━━━━━━━━━━━━━━━━━━━━━━━━━━━━━━━━━━━━━━━━━
[17:32:53]    🟢 PIPPINUSDT: -0.398% | ST=UP | 5m:↓DOWN | 10с
[17:33:04]    🟢 PIPPINUSDT: -0.474% | ST=UP | 5m:↓DOWN | 21с
[17:33:16]    🟢 PIPPINUSDT: -0.499% | ST=UP | 5m:↓DOWN | 33с
[17:33:26]    🟢 PIPPINUSDT: -0.511% | ST=UP | 5m:↓DOWN | 43с
[17:33:37]    🟢 PIPPINUSDT: -0.386% | ST=UP | 5m:↓DOWN | 54с
[17:33:48]    🟢 PIPPINUSDT: -0.411% | ST=UP | 5m:↓DOWN | 65с
[17:33:59]    🟢 PIPPINUSDT: -0.172% | ST=UP | 5m:↓DOWN | 76с
[17:34:10]    🟢 PIPPINUSDT: -0.034% | ST=UP | 5m:↑UP | 87с
[17:34:16] 📡 Позиций: 1/3 | Монеты: ['LYNUSDT', 'TAOUSDT', 'PIPPINUSDT']
[17:34:21]    🟢 PIPPINUSDT: -0.197% | ST=UP | 5m:↓DOWN | 98с
[17:34:32]    🟢 PIPPINUSDT: -0.147% | ST=UP | 5m:↓DOWN | 109с
[17:34:42]    🟢 PIPPINUSDT: -0.160% | ST=UP | 5m:↓DOWN | 119с
[17:34:53]    🟢 PIPPINUSDT: -0.185% | ST=UP | 5m:↓DOWN | 130с
[17:35:05]    🟢 PIPPINUSDT: +0.029% | ST=UP | 5m:↑UP | 142с
[17:35:18]    🟢 PIPPINUSDT: +0.041% | ST=UP | 5m:↑UP | 155с
[17:35:29]    🟢 PIPPINUSDT: -0.172% | ST=UP | 5m:↓DOWN | 166с
[17:35:40]    🟢 PIPPINUSDT: +0.041% | ST=UP | 5m:↓DOWN | 177с
[17:35:50]    🟢 PIPPINUSDT: +0.041% | ST=UP | 5m:↑UP | 187с
[17:36:01]    🟢 PIPPINUSDT: +0.091% | ST=UP | 5m:↑UP | 198с
[17:36:12] ━━━━━━━━━━━━━━━━━━━━━━━━━━━━━━━━━━━━━━━━━━━━━━━━━━━━━━━
[17:36:12] ✅ ЗАКРЫТО: PIPPINUSDT | +0.418% | +0.6523 USDT | Биржа (TP/SL)
[17:36:12]    ⏱️  209с
[17:36:12] ━━━━━━━━━━━━━━━━━━━━━━━━━━━━━━━━━━━━━━━━━━━━━━━━━━━━━━━
[17:36:12] 
[17:36:12] 📊 СТАТИСТИКА:
[17:36:12]    Сделок: 1 | Win: 1 | Loss: 0
[17:36:12]    Win Rate:    100.0%
[17:36:12]    P&L итого:   +0.6523 USDT
[17:36:12]    P&L средний: +0.6523 USDT
[17:36:12] 
[17:36:27] ━━━━━━━━━━━━━━━━━━━━━━━━━━━━━━━━━━━━━━━━━━━━━━━━━━━━━━━
[17:36:27] 💰 СДЕЛКА: TAOUSDT | 🔴 SHORT
[17:36:27]    📍 Вход:   290.370000
[17:36:27]    🎯 TP:     289.500000  (+0.300%)
[17:36:27]    📊 0.536 ед. (155.64 USDT) | 1.70с
[17:36:27]    📈 5m ST:  ↓DOWN
[17:36:27] ━━━━━━━━━━━━━━━━━━━━━━━━━━━━━━━━━━━━━━━━━━━━━━━━━━━━━━━
[17:36:38]    🔴 TAOUSDT: +0.010% | ST=DOWN | 5m:↓DOWN | 10с
[17:36:49]    🔴 TAOUSDT: +0.096% | ST=DOWN | 5m:↓DOWN | 21с
[17:37:00]    🔴 TAOUSDT: +0.124% | ST=DOWN | 5m:↓DOWN | 32с
[17:37:07] 📡 Позиций: 1/3 | Монеты: ['LYNUSDT', 'TAOUSDT', 'PIPPINUSDT']
[17:37:11]    🔴 TAOUSDT: +0.148% | ST=DOWN | 5m:↓DOWN | 43с
[17:37:22]    🔴 TAOUSDT: +0.121% | ST=DOWN | 5m:↓DOWN | 54с
[17:37:34]    🔴 TAOUSDT: +0.100% | ST=DOWN | 5m:↓DOWN | 66с
[17:37:45]    🔴 TAOUSDT: +0.065% | ST=DOWN | 5m:↓DOWN | 77с
[17:37:56]    🔴 TAOUSDT: -0.017% | ST=DOWN | 5m:↓DOWN | 88с
[17:38:08]    🔴 TAOUSDT: +0.179% | ST=DOWN | 5m:↓DOWN | 100с
[17:38:18]    🔴 TAOUSDT: +0.148% | ST=DOWN | 5m:↓DOWN | 110с
[17:38:29]    🔴 TAOUSDT: +0.107% | ST=DOWN | 5m:↓DOWN | 121с
[17:38:42]    🔴 TAOUSDT: +0.103% | ST=DOWN | 5m:↓DOWN | 134с
[17:38:52]    🔴 TAOUSDT: +0.176% | ST=DOWN | 5m:↓DOWN | 144с
[17:39:03]    🔴 TAOUSDT: +0.224% | ST=DOWN | 5m:↓DOWN | 156с
[17:39:13] ━━━━━━━━━━━━━━━━━━━━━━━━━━━━━━━━━━━━━━━━━━━━━━━━━━━━━━━
[17:39:13] ✅ ЗАКРЫТО: TAOUSDT | +0.413% | +0.6432 USDT | Биржа (TP/SL)
[17:39:13]    ⏱️  165с
[17:39:13] ━━━━━━━━━━━━━━━━━━━━━━━━━━━━━━━━━━━━━━━━━━━━━━━━━━━━━━━
[17:39:13] 
[17:39:13] 📊 СТАТИСТИКА:
[17:39:13]    Сделок: 2 | Win: 2 | Loss: 0
[17:39:13]    Win Rate:    100.0%
[17:39:13]    P&L итого:   +1.2955 USDT
[17:39:13]    P&L средний: +0.6478 USDT
[17:39:13] 
[17:39:24] ━━━━━━━━━━━━━━━━━━━━━━━━━━━━━━━━━━━━━━━━━━━━━━━━━━━━━━━
[17:39:24] 💰 СДЕЛКА: FARTCOINUSDT | 🔴 SHORT
[17:39:24]    📍 Вход:   0.202720
[17:39:24]    🎯 TP:     0.202110  (+0.301%)
[17:39:24]    📊 771.0 ед. (156.30 USDT) | 2.01с
[17:39:24]    📈 5m ST:  ↓DOWN
[17:39:24] ━━━━━━━━━━━━━━━━━━━━━━━━━━━━━━━━━━━━━━━━━━━━━━━━━━━━━━━
[17:39:35]    🔴 FARTCOINUSDT: +0.020% | ST=DOWN | 5m:↓DOWN | 10с
[17:39:48]    🔴 FARTCOINUSDT: -0.089% | ST=DOWN | 5m:↓DOWN | 22с
[17:39:58]    🔴 FARTCOINUSDT: -0.064% | ST=DOWN | 5m:↓DOWN | 33с
[17:39:58] 📡 Позиций: 1/3 | Монеты: ['LYNUSDT', 'TAOUSDT', 'PIPPINUSDT']
[17:40:09]    🔴 FARTCOINUSDT: -0.069% | ST=DOWN | 5m:↓DOWN | 44с
[17:40:20]    🔴 FARTCOINUSDT: -0.113% | ST=DOWN | 5m:↓DOWN | 55с
[17:40:30]    🔴 FARTCOINUSDT: -0.123% | ST=DOWN | 5m:↓DOWN | 65с
[17:40:41]    🔴 FARTCOINUSDT: -0.109% | ST=DOWN | 5m:↓DOWN | 76с
[17:40:45]    ⛔ LYNUSDT: 5m=UP ≠ SHORT — пропуск
[17:40:52]    🔴 FARTCOINUSDT: +0.044% | ST=DOWN | 5m:↓DOWN | 87с
[17:40:56]    ⛔ LYNUSDT: 5m=UP ≠ SHORT — пропуск
[17:41:05]    🔴 FARTCOINUSDT: +0.113% | ST=DOWN | 5m:↓DOWN | 100с
[17:41:16]    🔴 FARTCOINUSDT: +0.059% | ST=DOWN | 5m:↓DOWN | 111с
[17:41:27]    🔴 FARTCOINUSDT: +0.054% | ST=DOWN | 5m:↓DOWN | 122с
[17:41:37]    🔴 FARTCOINUSDT: +0.039% | ST=DOWN | 5m:↓DOWN | 132с
[17:41:46]    ⛔ BTRUSDT: 5m=DOWN ≠ LONG — пропуск
[17:41:49]    ⛔ APRUSDT: 5m=DOWN ≠ LONG — пропуск
[17:41:50]    🔴 FARTCOINUSDT: -0.207% | ST=DOWN | 5m:↓DOWN | 145с
[17:42:00]    ⛔ APRUSDT: 5m=DOWN ≠ LONG — пропуск
[17:42:01]    🔴 FARTCOINUSDT: -0.247% | ST=DOWN | 5m:↓DOWN | 156с
[17:42:05]    ⛔ TAOUSDT: 5m=DOWN ≠ LONG — пропуск
[17:42:12]    ⛔ PHAUSDT: 5m=UP ≠ SHORT — пропуск
[17:42:14]    🔴 FARTCOINUSDT: -0.276% | ST=UP | 5m:↓DOWN | 169с
[17:42:14] 🔄 FARTCOINUSDT: ST развернулся! SHORT → LONG
[17:42:15] 🔒 FARTCOINUSDT: позиция закрыта (ST flip → LONG)
[17:42:17] ━━━━━━━━━━━━━━━━━━━━━━━━━━━━━━━━━━━━━━━━━━━━━━━━━━━━━━━
[17:42:17] ❌ ЗАКРЫТО: FARTCOINUSDT | -0.281% | -0.4395 USDT | ST flip → LONG
[17:42:17]    ⏱️  171с
[17:42:17] ━━━━━━━━━━━━━━━━━━━━━━━━━━━━━━━━━━━━━━━━━━━━━━━━━━━━━━━
[17:42:17] 
[17:42:17] 📊 СТАТИСТИКА:
[17:42:17]    Сделок: 3 | Win: 2 | Loss: 1
[17:42:17]    Win Rate:    66.7%
[17:42:17]    P&L итого:   +0.8561 USDT
[17:42:17]    P&L средний: +0.2854 USDT
[17:42:17] 
[17:42:20] ━━━━━━━━━━━━━━━━━━━━━━━━━━━━━━━━━━━━━━━━━━━━━━━━━━━━━━━
[17:42:20] 🔄 ФЛИП: FARTCOINUSDT | 🟢 LONG
[17:42:20]    📍 Вход:   0.203220
[17:42:20]    🎯 TP:     0.203850  (+0.300%)
[17:42:20]    📊 848.0 ед. (172.33 USDT) | 1.70с
[17:42:20]    📈 5m ST:  ↓DOWN
[17:42:20] ━━━━━━━━━━━━━━━━━━━━━━━━━━━━━━━━━━━━━━━━━━━━━━━━━━━━━━━
[17:42:28] ━━━━━━━━━━━━━━━━━━━━━━━━━━━━━━━━━━━━━━━━━━━━━━━━━━━━━━━
[17:42:28] 💰 СДЕЛКА: PIPPINUSDT | 🟢 LONG
[17:42:28]    📍 Вход:   0.080027
[17:42:28]    🎯 TP:     0.080250  (+0.300%)
[17:42:28]    📊 1935.0 ед. (154.85 USDT) | 1.69с
[17:42:28]    📈 5m ST:  ↑UP
[17:42:28] ━━━━━━━━━━━━━━━━━━━━━━━━━━━━━━━━━━━━━━━━━━━━━━━━━━━━━━━
[17:42:33]    🟢 FARTCOINUSDT: -0.148% | ST=DOWN | 5m:↓DOWN | 13с
[17:42:39]    🟢 PIPPINUSDT: +0.066% | ST=UP | 5m:↑UP | 10с
[17:42:45]    🟢 FARTCOINUSDT: -0.138% | ST=DOWN | 5m:↓DOWN | 24с
[17:42:51]    🟢 PIPPINUSDT: +0.054% | ST=UP | 5m:↑UP | 22с
[17:42:56]    🟢 FARTCOINUSDT: -0.079% | ST=DOWN | 5m:↓DOWN | 36с
[17:42:56] 📡 Позиций: 2/3 | Монеты: ['LYNUSDT', 'TAOUSDT', 'PIPPINUSDT']
[17:43:00] ━━━━━━━━━━━━━━━━━━━━━━━━━━━━━━━━━━━━━━━━━━━━━━━━━━━━━━━
[17:43:00] ✅ ЗАКРЫТО: PIPPINUSDT | +0.166% | +0.2572 USDT | Биржа (TP/SL)
[17:43:00]    ⏱️  31с
[17:43:00] ━━━━━━━━━━━━━━━━━━━━━━━━━━━━━━━━━━━━━━━━━━━━━━━━━━━━━━━
[17:43:00] 
[17:43:00] 📊 СТАТИСТИКА:
[17:43:00]    Сделок: 4 | Win: 3 | Loss: 1
[17:43:00]    Win Rate:    75.0%
[17:43:00]    P&L итого:   +1.1132 USDT
[17:43:00]    P&L средний: +0.2783 USDT
[17:43:00] 
[17:43:08]    🟢 FARTCOINUSDT: -0.157% | ST=DOWN | 5m:↓DOWN | 47с
[17:43:18]    🟢 FARTCOINUSDT: -0.113% | ST=DOWN | 5m:↓DOWN | 58с
[17:43:31]    🟢 FARTCOINUSDT: -0.167% | ST=DOWN | 5m:↓DOWN | 70с
[17:43:41]    🟢 FARTCOINUSDT: -0.059% | ST=DOWN | 5m:↓DOWN | 81с
[17:43:46]    ⛔ TAOUSDT: 5m=DOWN ≠ LONG — пропуск
[17:43:52]    🟢 FARTCOINUSDT: -0.049% | ST=DOWN | 5m:↓DOWN | 92с
[17:43:57]    ⛔ TAOUSDT: 5m=DOWN ≠ LONG — пропуск
[17:44:03]    🟢 FARTCOINUSDT: -0.108% | ST=DOWN | 5m:↓DOWN | 103с
[17:44:11]    ⛔ BTRUSDT: 5m=DOWN ≠ LONG — пропуск
[17:44:14]    🟢 FARTCOINUSDT: -0.084% | ST=DOWN | 5m:↓DOWN | 114с
[17:44:22]    ⛔ BTRUSDT: 5m=DOWN ≠ LONG — пропуск
[17:44:25]    🟢 FARTCOINUSDT: -0.084% | ST=DOWN | 5m:↓DOWN | 124с
[17:44:35]    ⛔ BTRUSDT: 5m=DOWN ≠ LONG — пропуск
[17:44:39]    🟢 FARTCOINUSDT: -0.143% | ST=DOWN | 5m:↓DOWN | 138с
[17:44:49]    🟢 FARTCOINUSDT: -0.354% | ST=DOWN | 5m:↓DOWN | 149с
[17:45:00]    🟢 FARTCOINUSDT: -0.320% | ST=DOWN | 5m:↓DOWN | 159с
[17:45:11]    🟢 FARTCOINUSDT: -0.507% | ST=DOWN | 5m:↓DOWN | 170с
[17:45:22] ━━━━━━━━━━━━━━━━━━━━━━━━━━━━━━━━━━━━━━━━━━━━━━━━━━━━━━━
[17:45:22] 💰 СДЕЛКА: PHAUSDT | 🟢 LONG
[17:45:22]    📍 Вход:   0.040426
[17:45:22]    🎯 TP:     0.040540  (+0.297%)
[17:45:22]    📊 3795.0 ед. (153.42 USDT) | 1.74с
[17:45:22]    📈 5m ST:  ↑UP
[17:45:22] ━━━━━━━━━━━━━━━━━━━━━━━━━━━━━━━━━━━━━━━━━━━━━━━━━━━━━━━
[17:45:24]    🟢 FARTCOINUSDT: -0.507% | ST=DOWN | 5m:↓DOWN | 184с
[17:45:35]    🟢 PHAUSDT: -0.163% | ST=UP | 5m:↑UP | 12с
[17:45:37]    🟢 FARTCOINUSDT: -0.482% | ST=DOWN | 5m:↓DOWN | 196с
[17:45:46]    🟢 PHAUSDT: -0.138% | ST=UP | 5m:↑UP | 23с
[17:45:50]    🟢 FARTCOINUSDT: -0.340% | ST=DOWN | 5m:↓DOWN | 209с
[17:45:50] 📡 Позиций: 2/3 | Монеты: ['LYNUSDT', 'TAOUSDT', 'PIPPINUSDT']
[17:45:59]    🟢 PHAUSDT: -0.114% | ST=UP | 5m:↑UP | 36с
[17:46:01]    🟢 FARTCOINUSDT: -0.315% | ST=DOWN | 5m:↓DOWN | 220с
[17:46:11]    🟢 PHAUSDT: -0.262% | ST=UP | 5m:↑UP | 48с
[17:46:13]    🟢 FARTCOINUSDT: -0.212% | ST=DOWN | 5m:↓DOWN | 233с
[17:46:22]    🟢 PHAUSDT: -0.287% | ST=UP | 5m:↑UP | 59с
[17:46:24]    🟢 FARTCOINUSDT: -0.271% | ST=DOWN | 5m:↓DOWN | 244с
[17:48:42] 📡 Позиций: 2/3 | Монеты: ['RIVERUSDT', 'TAOUSDT', 'XAUTUSDT']
[17:49:12]    ⛔ BTRUSDT: 5m=DOWN ≠ LONG — пропуск
[17:49:23]    ⛔ BTRUSDT: 5m=DOWN ≠ LONG — пропуск
[17:49:37] ━━━━━━━━━━━━━━━━━━━━━━━━━━━━━━━━━━━━━━━━━━━━━━━━━━━━━━━
[17:49:37] 💰 СДЕЛКА: BANUSDT | 🟢 LONG
[17:49:37]    📍 Вход:   0.060994
[17:49:37]    🎯 TP:     0.061250  (+0.295%)
[17:49:37]    📊 2584.0 ед. (157.61 USDT) | 1.68с
[17:49:37]    📈 5m ST:  ↑UP
[17:49:37] ━━━━━━━━━━━━━━━━━━━━━━━━━━━━━━━━━━━━━━━━━━━━━━━━━━━━━━━
[17:49:47]    🟢 BANUSDT: +0.158% | ST=UP | 5m:↑UP | 10с
[17:49:58]    🟢 BANUSDT: +0.010% | ST=DOWN | 5m:↑UP | 20с
[17:50:09]    🟢 BANUSDT: -0.269% | ST=DOWN | 5m:↑UP | 31с
[17:50:20]    🟢 BANUSDT: -0.465% | ST=DOWN | 5m:↑UP | 42с
[17:50:31]    🟢 BANUSDT: -0.449% | ST=DOWN | 5m:↑UP | 53с
[17:50:43]    🟢 BANUSDT: -0.531% | ST=DOWN | 5m:↑UP | 66с
[17:50:54]    🟢 BANUSDT: -0.547% | ST=DOWN | 5m:↓DOWN | 76с
[17:51:04]    🟢 BANUSDT: -0.203% | ST=DOWN | 5m:↑UP | 87с
[17:51:15]    🟢 BANUSDT: -0.072% | ST=DOWN | 5m:↑UP | 97с
[17:51:26]    🟢 BANUSDT: -0.203% | ST=DOWN | 5m:↑UP | 108с
[17:51:29] 📡 Позиций: 3/3 | Монеты: ['RIVERUSDT', 'TAOUSDT', 'XAUTUSDT']
[17:51:37]    🟢 BANUSDT: -0.187% | ST=DOWN | 5m:↑UP | 119с
[17:51:49]    🟢 BANUSDT: -0.072% | ST=DOWN | 5m:↑UP | 132с
[17:52:01]    🟢 BANUSDT: -0.351% | ST=DOWN | 5m:↑UP | 143с
[17:52:11]    🟢 BANUSDT: -0.236% | ST=DOWN | 5m:↑UP | 154с
[17:52:22]    🟢 BANUSDT: -0.203% | ST=DOWN | 5m:↑UP | 164с
[17:52:32]    🟢 BANUSDT: -0.646% | ST=DOWN | 5m:↓DOWN | 175с
[17:52:43]    🟢 BANUSDT: -0.646% | ST=DOWN | 5m:↓DOWN | 185с
[17:52:54]    🟢 BANUSDT: -0.777% | ST=DOWN | 5m:↓DOWN | 196с
[17:53:06]    🟢 BANUSDT: -0.957% | ST=DOWN | 5m:↓DOWN | 208с
[17:53:16]    🟢 BANUSDT: -1.023% | ST=DOWN | 5m:↓DOWN | 219с
[17:53:27]    🟢 BANUSDT: -1.056% | ST=DOWN | 5m:↓DOWN | 229с
[17:53:37]    🟢 BANUSDT: -1.105% | ST=DOWN | 5m:↓DOWN | 239с
[17:53:47]    🟢 BANUSDT: -0.974% | ST=DOWN | 5m:↓DOWN | 250с
[17:53:59]    🟢 BANUSDT: -1.121% | ST=DOWN | 5m:↓DOWN | 261с
[17:54:10]    🟢 BANUSDT: -1.056% | ST=DOWN | 5m:↓DOWN | 272с
[17:54:12] 📡 Позиций: 3/3 | Монеты: ['RIVERUSDT', 'TAOUSDT', 'XAUTUSDT']
[17:54:21]    🟢 BANUSDT: -0.843% | ST=DOWN | 5m:↓DOWN | 283с
[17:54:31]    🟢 BANUSDT: -0.875% | ST=DOWN | 5m:↓DOWN | 294с
[17:54:42]    🟢 BANUSDT: -1.039% | ST=DOWN | 5m:↓DOWN | 304с
[17:54:53]    🟢 BANUSDT: -1.072% | ST=DOWN | 5m:↓DOWN | 316с
[17:55:04]    🟢 BANUSDT: -1.236% | ST=DOWN | 5m:↓DOWN | 326с
[17:55:14]    🟢 BANUSDT: -1.318% | ST=DOWN | 5m:↓DOWN | 337с
[17:55:27]    🟢 BANUSDT: -1.170% | ST=DOWN | 5m:↓DOWN | 349с
[17:55:37]    🟢 BANUSDT: -1.121% | ST=DOWN | 5m:↓DOWN | 360с
[17:55:49]    🟢 BANUSDT: -1.023% | ST=DOWN | 5m:↓DOWN | 371с
[17:56:00]    🟢 BANUSDT: -1.203% | ST=DOWN | 5m:↓DOWN | 382с
[17:56:10]    🟢 BANUSDT: -1.121% | ST=DOWN | 5m:↓DOWN | 393с
[17:56:21]    🟢 BANUSDT: -1.154% | ST=DOWN | 5m:↓DOWN | 403с
[17:56:31]    🟢 BANUSDT: -1.203% | ST=DOWN | 5m:↓DOWN | 414с
[17:56:45]    🟢 BANUSDT: -1.154% | ST=DOWN | 5m:↓DOWN | 426с
[17:56:56]    🟢 BANUSDT: -1.269% | ST=DOWN | 5m:↓DOWN | 438с
[17:56:59] 📡 Позиций: 3/3 | Монеты: ['RIVERUSDT', 'TAOUSDT', 'XAUTUSDT']
[17:57:07]    🟢 BANUSDT: -1.220% | ST=DOWN | 5m:↓DOWN | 449с
[17:57:19]    🟢 BANUSDT: -0.908% | ST=UP | 5m:↓DOWN | 461с
[17:57:29]    🟢 BANUSDT: -0.957% | ST=DOWN | 5m:↓DOWN | 472с
[17:57:40]    🟢 BANUSDT: -0.974% | ST=DOWN | 5m:↓DOWN | 482с
[17:57:51]    🟢 BANUSDT: -1.023% | ST=DOWN | 5m:↓DOWN | 493с
[17:58:03]    🟢 BANUSDT: -0.400% | ST=UP | 5m:↓DOWN | 505с
[17:58:14]    🟢 BANUSDT: -0.564% | ST=UP | 5m:↓DOWN | 517с
[17:58:25]    🟢 BANUSDT: -0.777% | ST=UP | 5m:↓DOWN | 527с
[17:58:36]    🟢 BANUSDT: -0.777% | ST=UP | 5m:↓DOWN | 538с
[17:58:47]    🟢 BANUSDT: -0.957% | ST=UP | 5m:↓DOWN | 549с
[17:58:57]    🟢 BANUSDT: -1.007% | ST=UP | 5m:↓DOWN | 560с
[17:59:10]    🟢 BANUSDT: -1.187% | ST=UP | 5m:↓DOWN | 572с
[17:59:20]    🟢 BANUSDT: -1.285% | ST=UP | 5m:↓DOWN | 582с
[17:59:31]    🟢 BANUSDT: -1.810% | ST=DOWN | 5m:↓DOWN | 594с
[17:59:31] 🔄 BANUSDT: ST развернулся! LONG → SHORT
[17:59:32] 🔒 BANUSDT: позиция закрыта (ST flip → SHORT)
[17:59:34] ━━━━━━━━━━━━━━━━━━━━━━━━━━━━━━━━━━━━━━━━━━━━━━━━━━━━━━━
[17:59:34] ❌ ЗАКРЫТО: BANUSDT | -1.957% | -3.0851 USDT | ST flip → SHORT
[17:59:34]    ⏱️  596с
[17:59:34] ━━━━━━━━━━━━━━━━━━━━━━━━━━━━━━━━━━━━━━━━━━━━━━━━━━━━━━━
[17:59:34] 
[17:59:34] 📊 СТАТИСТИКА:
[17:59:34]    Сделок: 5 | Win: 3 | Loss: 2
[17:59:34]    Win Rate:    60.0%
[17:59:34]    P&L итого:   -1.9718 USDT
[17:59:34]    P&L средний: -0.3944 USDT
[17:59:34] 
[17:59:37] ━━━━━━━━━━━━━━━━━━━━━━━━━━━━━━━━━━━━━━━━━━━━━━━━━━━━━━━
[17:59:37] 🔄 ФЛИП: BANUSDT | 🔴 SHORT
[17:59:37]    📍 Вход:   0.059865
[17:59:37]    🎯 TP:     0.059660  (+0.301%)
[17:59:37]    📊 2555.0 ед. (152.95 USDT) | 1.67с
[17:59:37]    📈 5m ST:  ↓DOWN
[17:59:37] ━━━━━━━━━━━━━━━━━━━━━━━━━━━━━━━━━━━━━━━━━━━━━━━━━━━━━━━
[17:59:47]    🔴 BANUSDT: -0.042% | ST=DOWN | 5m:↓DOWN | 10с
[17:59:50] 📡 Позиций: 3/3 | Монеты: ['RIVERUSDT', 'TAOUSDT', 'XAUTUSDT']
[17:59:58]    🔴 BANUSDT: -0.125% | ST=DOWN | 5m:↓DOWN | 20с
[18:00:09]    🔴 BANUSDT: +0.058% | ST=DOWN | 5m:↓DOWN | 32с
[18:00:23]    🔴 BANUSDT: -0.159% | ST=DOWN | 5m:↓DOWN | 45с
[18:00:34]    🔴 BANUSDT: -0.242% | ST=DOWN | 5m:↓DOWN | 56с
[18:00:45]    🔴 BANUSDT: -0.292% | ST=DOWN | 5m:↓DOWN | 68с
[18:00:56]    🔴 BANUSDT: -0.292% | ST=DOWN | 5m:↓DOWN | 78с
[18:01:07]    🔴 BANUSDT: +0.108% | ST=DOWN | 5m:↓DOWN | 89с
[18:01:19]    🔴 BANUSDT: +0.108% | ST=DOWN | 5m:↓DOWN | 101с
[18:01:31]    🔴 BANUSDT: +0.225% | ST=DOWN | 5m:↓DOWN | 113с
[18:01:48] ━━━━━━━━━━━━━━━━━━━━━━━━━━━━━━━━━━━━━━━━━━━━━━━━━━━━━━━
[18:01:48] ✅ ЗАКРЫТО: BANUSDT | +0.877% | +1.3412 USDT | Биржа (TP/SL)
[18:01:48]    ⏱️  131с
[18:01:48] ━━━━━━━━━━━━━━━━━━━━━━━━━━━━━━━━━━━━━━━━━━━━━━━━━━━━━━━
[18:01:48] 
[18:01:48] 📊 СТАТИСТИКА:
[18:01:48]    Сделок: 6 | Win: 4 | Loss: 2
[18:01:48]    Win Rate:    66.7%
[18:01:48]    P&L итого:   -0.6307 USDT
[18:01:48]    P&L средний: -0.1051 USDT
[18:01:48] 
[18:01:51]    ⛔ RIVERUSDT: 5m=DOWN ≠ LONG — пропуск
[18:02:25] ━━━━━━━━━━━━━━━━━━━━━━━━━━━━━━━━━━━━━━━━━━━━━━━━━━━━━━━
[18:02:25] 💰 СДЕЛКА: LYNUSDT | 🔴 SHORT
[18:02:25]    📍 Вход:   0.084670
[18:02:25]    🎯 TP:     0.084420  (+0.295%)
[18:02:25]    📊 1803.0 ед. (152.66 USDT) | 1.68с
[18:02:25]    📈 5m ST:  ↓DOWN
[18:02:25] ━━━━━━━━━━━━━━━━━━━━━━━━━━━━━━━━━━━━━━━━━━━━━━━━━━━━━━━
[18:02:35] ━━━━━━━━━━━━━━━━━━━━━━━━━━━━━━━━━━━━━━━━━━━━━━━━━━━━━━━
[18:02:35] ✅ ЗАКРЫТО: LYNUSDT | +0.319% | +0.4868 USDT | Биржа (TP/SL)
[18:02:35]    ⏱️  9с
[18:02:35] ━━━━━━━━━━━━━━━━━━━━━━━━━━━━━━━━━━━━━━━━━━━━━━━━━━━━━━━
[18:02:35] 
[18:02:35] 📊 СТАТИСТИКА:
[18:02:35]    Сделок: 7 | Win: 5 | Loss: 2
[18:02:35]    Win Rate:    71.4%
[18:02:35]    P&L итого:   -0.1438 USDT
[18:02:35]    P&L средний: -0.0205 USDT
[18:02:35] 
[18:02:39] ━━━━━━━━━━━━━━━━━━━━━━━━━━━━━━━━━━━━━━━━━━━━━━━━━━━━━━━
[18:02:39] 💰 СДЕЛКА: LYNUSDT | 🔴 SHORT
[18:02:39]    📍 Вход:   0.084379
[18:02:39]    🎯 TP:     0.084150  (+0.296%)
[18:02:39]    📊 1816.0 ед. (153.23 USDT) | 1.69с
[18:02:39]    📈 5m ST:  ↓DOWN
[18:02:39] ━━━━━━━━━━━━━━━━━━━━━━━━━━━━━━━━━━━━━━━━━━━━━━━━━━━━━━━
[18:02:52]    🔴 LYNUSDT: -0.025% | ST=DOWN | 5m:↓DOWN | 12с
[18:02:59] 📡 Позиций: 3/3 | Монеты: ['LYNUSDT', 'RIVERUSDT', 'TAOUSDT']
[18:03:03]    🔴 LYNUSDT: -0.356% | ST=DOWN | 5m:↓DOWN | 23с
[18:03:13]    🔴 LYNUSDT: -0.250% | ST=DOWN | 5m:↓DOWN | 33с
[18:03:24]    🔴 LYNUSDT: -0.321% | ST=DOWN | 5m:↓DOWN | 44с
[18:03:34]    🔴 LYNUSDT: -0.475% | ST=DOWN | 5m:↓DOWN | 55с
[18:03:45]    🔴 LYNUSDT: -0.451% | ST=DOWN | 5m:↓DOWN | 65с
[18:03:55]    🔴 LYNUSDT: -0.582% | ST=DOWN | 5m:↓DOWN | 76с
[18:04:06]    🔴 LYNUSDT: -0.416% | ST=DOWN | 5m:↓DOWN | 86с
[18:04:18]    🔴 LYNUSDT: -0.534% | ST=DOWN | 5m:↓DOWN | 98с
[18:04:29]    🔴 LYNUSDT: -0.167% | ST=DOWN | 5m:↓DOWN | 109с
[18:04:39]    🔴 LYNUSDT: -0.036% | ST=DOWN | 5m:↓DOWN | 120с
[18:04:50]    🔴 LYNUSDT: -0.273% | ST=DOWN | 5m:↓DOWN | 130с
[18:05:02]    🔴 LYNUSDT: -0.273% | ST=DOWN | 5m:↓DOWN | 142с
[18:05:12] ━━━━━━━━━━━━━━━━━━━━━━━━━━━━━━━━━━━━━━━━━━━━━━━━━━━━━━━
[18:05:12] ❌ ЗАКРЫТО: LYNUSDT | -0.285% | -0.4371 USDT | Биржа (TP/SL)
[18:05:12]    ⏱️  152с
[18:05:12] ━━━━━━━━━━━━━━━━━━━━━━━━━━━━━━━━━━━━━━━━━━━━━━━━━━━━━━━
[18:05:12] 
[18:05:12] 📊 СТАТИСТИКА:
[18:05:12]    Сделок: 8 | Win: 5 | Loss: 3
[18:05:12]    Win Rate:    62.5%
[18:05:12]    P&L итого:   -0.5809 USDT
[18:05:12]    P&L средний: -0.0726 USDT
[18:05:12] 
[18:05:18]    ⛔ XAUTUSDT: 5m=DOWN ≠ LONG — пропуск
[18:05:23]    ⛔ APRUSDT: 5m=UP ≠ SHORT — пропуск
[18:05:30] ━━━━━━━━━━━━━━━━━━━━━━━━━━━━━━━━━━━━━━━━━━━━━━━━━━━━━━━
[18:05:30] 💰 СДЕЛКА: RIVERUSDT | 🔴 SHORT
[18:05:30]    📍 Вход:   17.916000
[18:05:30]    🎯 TP:     17.834000  (+0.302%)
[18:05:30]    📊 8.6 ед. (154.08 USDT) | 1.70с
[18:05:30]    📈 5m ST:  ↓DOWN
[18:05:30] ━━━━━━━━━━━━━━━━━━━━━━━━━━━━━━━━━━━━━━━━━━━━━━━━━━━━━━━
[18:05:41]    🔴 RIVERUSDT: +0.586% | ST=DOWN | 5m:↓DOWN | 10с
[18:05:47] 📡 Позиций: 3/3 | Монеты: ['LYNUSDT', 'RIVERUSDT', 'TAOUSDT']
[18:05:50] ━━━━━━━━━━━━━━━━━━━━━━━━━━━━━━━━━━━━━━━━━━━━━━━━━━━━━━━
[18:05:50] ✅ ЗАКРЫТО: RIVERUSDT | +1.083% | +1.6684 USDT | Биржа (TP/SL)
[18:05:50]    ⏱️  19с
[18:05:50] ━━━━━━━━━━━━━━━━━━━━━━━━━━━━━━━━━━━━━━━━━━━━━━━━━━━━━━━
[18:05:50] 
[18:05:50] 📊 СТАТИСТИКА:
[18:05:50]    Сделок: 9 | Win: 6 | Loss: 3
[18:05:50]    Win Rate:    66.7%
[18:05:50]    P&L итого:   +1.0875 USDT
[18:05:50]    P&L средний: +0.1208 USDT
[18:05:50] 
[18:05:55] ━━━━━━━━━━━━━━━━━━━━━━━━━━━━━━━━━━━━━━━━━━━━━━━━━━━━━━━
[18:05:55] 💰 СДЕЛКА: RIVERUSDT | 🔴 SHORT
[18:05:55]    📍 Вход:   17.760471
[18:05:55]    🎯 TP:     17.720000  (+0.298%)
[18:05:55]    📊 8.7 ед. (154.52 USDT) | 1.72с
[18:05:55]    📈 5m ST:  ↓DOWN
[18:05:55] ━━━━━━━━━━━━━━━━━━━━━━━━━━━━━━━━━━━━━━━━━━━━━━━━━━━━━━━
[18:06:05] ━━━━━━━━━━━━━━━━━━━━━━━━━━━━━━━━━━━━━━━━━━━━━━━━━━━━━━━
[18:06:05] ✅ ЗАКРЫТО: RIVERUSDT | +0.301% | +0.4652 USDT | Биржа (TP/SL)
[18:06:05]    ⏱️  10с
[18:06:05] ━━━━━━━━━━━━━━━━━━━━━━━━━━━━━━━━━━━━━━━━━━━━━━━━━━━━━━━
[18:06:05] 
[18:06:05] 📊 СТАТИСТИКА:
[18:06:05]    Сделок: 10 | Win: 7 | Loss: 3
[18:06:05]    Win Rate:    70.0%
[18:06:05]    P&L итого:   +1.5527 USDT
[18:06:05]    P&L средний: +0.1553 USDT
[18:06:05] 
[18:06:26]    ⛔ LYNUSDT: 5m=DOWN ≠ LONG — пропуск
[18:07:01]    ⛔ LYNUSDT: 5m=DOWN ≠ LONG — пропуск
[18:07:17] ━━━━━━━━━━━━━━━━━━━━━━━━━━━━━━━━━━━━━━━━━━━━━━━━━━━━━━━
[18:07:17] 💰 СДЕЛКА: TAOUSDT | 🔴 SHORT
[18:07:17]    📍 Вход:   286.530000
[18:07:17]    🎯 TP:     285.640000  (+0.300%)
[18:07:17]    📊 0.539 ед. (154.44 USDT) | 1.68с
[18:07:17]    📈 5m ST:  ↓DOWN
[18:07:17] ━━━━━━━━━━━━━━━━━━━━━━━━━━━━━━━━━━━━━━━━━━━━━━━━━━━━━━━
[18:07:28]    🔴 TAOUSDT: -0.021% | ST=DOWN | 5m:↓DOWN | 10с
[18:07:39]    🔴 TAOUSDT: +0.101% | ST=DOWN | 5m:↓DOWN | 22с
[18:07:52]    🔴 TAOUSDT: +0.150% | ST=DOWN | 5m:↓DOWN | 34с
[18:08:00] ━━━━━━━━━━━━━━━━━━━━━━━━━━━━━━━━━━━━━━━━━━━━━━━━━━━━━━━
[18:08:00] ✅ ЗАКРЫТО: TAOUSDT | +0.213% | +0.3288 USDT | Биржа (TP/SL)
[18:08:00]    ⏱️  43с
[18:08:00] ━━━━━━━━━━━━━━━━━━━━━━━━━━━━━━━━━━━━━━━━━━━━━━━━━━━━━━━
[18:08:00] 
[18:08:00] 📊 СТАТИСТИКА:
[18:08:00]    Сделок: 11 | Win: 8 | Loss: 3
[18:08:00]    Win Rate:    72.7%
[18:08:00]    P&L итого:   +1.8815 USDT
[18:08:00]    P&L средний: +0.1710 USDT
[18:08:00] 
[18:08:38] 📡 Позиций: 2/3 | Монеты: ['LYNUSDT', 'RIVERUSDT', 'TAOUSDT']
[18:09:10]    ⛔ HYPEUSDT: 5m=DOWN ≠ LONG — пропуск
[18:09:20] ━━━━━━━━━━━━━━━━━━━━━━━━━━━━━━━━━━━━━━━━━━━━━━━━━━━━━━━
[18:09:20] 💰 СДЕЛКА: XAUTUSDT | 🔴 SHORT
[18:09:20]    📍 Вход:   4650.400000
[18:09:20]    🎯 TP:     4636.400000  (+0.301%)
[18:09:20]    📊 0.033 ед. (153.46 USDT) | 1.68с
[18:09:20]    📈 5m ST:  ↓DOWN
[18:09:20] ━━━━━━━━━━━━━━━━━━━━━━━━━━━━━━━━━━━━━━━━━━━━━━━━━━━━━━━
[18:09:31]    🔴 XAUTUSDT: +0.026% | ST=DOWN | 5m:↓DOWN | 10с
[18:09:43]    🔴 XAUTUSDT: +0.004% | ST=DOWN | 5m:↓DOWN | 22с
[18:09:53]    🔴 XAUTUSDT: +0.026% | ST=DOWN | 5m:↓DOWN | 33с
[18:10:04]    🔴 XAUTUSDT: +0.056% | ST=DOWN | 5m:↓DOWN | 44с
[18:10:18]    🔴 XAUTUSDT: +0.086% | ST=DOWN | 5m:↓DOWN | 58с
[18:10:29]    🔴 XAUTUSDT: +0.127% | ST=DOWN | 5m:↓DOWN | 68с
[18:10:40]    🔴 XAUTUSDT: +0.125% | ST=DOWN | 5m:↓DOWN | 80с
[18:10:51]    🔴 XAUTUSDT: +0.118% | ST=DOWN | 5m:↓DOWN | 90с
[18:11:01]    🔴 XAUTUSDT: +0.138% | ST=DOWN | 5m:↓DOWN | 101с
[18:11:13]    🔴 XAUTUSDT: +0.073% | ST=DOWN | 5m:↓DOWN | 112с
[18:11:24]    🔴 XAUTUSDT: +0.084% | ST=DOWN | 5m:↓DOWN | 123с
[18:11:30] 📡 Позиций: 3/3 | Монеты: ['LYNUSDT', 'RIVERUSDT', 'TAOUSDT']
[18:11:36]    🔴 XAUTUSDT: +0.052% | ST=DOWN | 5m:↓DOWN | 136с
[18:11:47]    🔴 XAUTUSDT: +0.034% | ST=DOWN | 5m:↓DOWN | 146с
[18:11:58]    🔴 XAUTUSDT: +0.024% | ST=DOWN | 5m:↓DOWN | 157с
[18:12:08]    🔴 XAUTUSDT: -0.034% | ST=UP | 5m:↓DOWN | 167с
[18:12:08] 🔄 XAUTUSDT: ST развернулся! SHORT → LONG
[18:12:09] 🔒 XAUTUSDT: позиция закрыта (ST flip → LONG)
[18:12:10] ━━━━━━━━━━━━━━━━━━━━━━━━━━━━━━━━━━━━━━━━━━━━━━━━━━━━━━━
[18:12:10] ❌ ЗАКРЫТО: XAUTUSDT | -0.052% | -0.0792 USDT | ST flip → LONG
[18:12:10]    ⏱️  170с
[18:12:10] ━━━━━━━━━━━━━━━━━━━━━━━━━━━━━━━━━━━━━━━━━━━━━━━━━━━━━━━
[18:12:10] 
[18:12:10] 📊 СТАТИСТИКА:
[18:12:10]    Сделок: 12 | Win: 8 | Loss: 4
[18:12:10]    Win Rate:    66.7%
[18:12:10]    P&L итого:   +1.8023 USDT
[18:12:10]    P&L средний: +0.1502 USDT
[18:12:10] 
[18:12:13] ━━━━━━━━━━━━━━━━━━━━━━━━━━━━━━━━━━━━━━━━━━━━━━━━━━━━━━━
[18:12:13] 🔄 ФЛИП: XAUTUSDT | 🟢 LONG
[18:12:13]    📍 Вход:   4653.500000
[18:12:13]    🎯 TP:     4667.500000  (+0.301%)
[18:12:13]    📊 0.033 ед. (153.57 USDT) | 1.70с
[18:12:13]    📈 5m ST:  ↓DOWN
[18:12:13] ━━━━━━━━━━━━━━━━━━━━━━━━━━━━━━━━━━━━━━━━━━━━━━━━━━━━━━━
[18:12:24]    🟢 XAUTUSDT: +0.002% | ST=UP | 5m:↓DOWN | 10с
[18:12:35]    🟢 XAUTUSDT: +0.011% | ST=UP | 5m:↓DOWN | 21с
[18:12:48]    🟢 XAUTUSDT: +0.034% | ST=UP | 5m:↓DOWN | 33с
[18:12:58]    🟢 XAUTUSDT: +0.037% | ST=UP | 5m:↓DOWN | 44с
[18:13:08]    🟢 XAUTUSDT: +0.045% | ST=UP | 5m:↓DOWN | 54с
[18:13:19]    🟢 XAUTUSDT: +0.019% | ST=UP | 5m:↓DOWN | 65с
[18:13:30]    🟢 XAUTUSDT: +0.037% | ST=UP | 5m:↓DOWN | 75с
[18:13:40]    🟢 XAUTUSDT: +0.049% | ST=UP | 5m:↓DOWN | 86с
[18:13:53]    🟢 XAUTUSDT: +0.024% | ST=UP | 5m:↓DOWN | 99с
[18:14:03]    🟢 XAUTUSDT: +0.013% | ST=UP | 5m:↓DOWN | 109с
[18:14:14]    🟢 XAUTUSDT: +0.011% | ST=UP | 5m:↓DOWN | 120с
[18:14:19] 📡 Позиций: 3/3 | Монеты: ['LYNUSDT', 'RIVERUSDT', 'TAOUSDT']
[18:14:25]    🟢 XAUTUSDT: +0.049% | ST=UP | 5m:↓DOWN | 131с
[18:14:36]    🟢 XAUTUSDT: +0.032% | ST=UP | 5m:↓DOWN | 141с
[18:14:46]    🟢 XAUTUSDT: +0.032% | ST=UP | 5m:↓DOWN | 152с
[18:14:57]    🟢 XAUTUSDT: +0.024% | ST=UP | 5m:↓DOWN | 162с
[18:15:08]    🟢 XAUTUSDT: +0.015% | ST=UP | 5m:↓DOWN | 173с
[18:15:18]    🟢 XAUTUSDT: +0.049% | ST=UP | 5m:↓DOWN | 183с
[18:15:28]    🟢 XAUTUSDT: +0.067% | ST=UP | 5m:↓DOWN | 194с
[18:15:40]    🟢 XAUTUSDT: +0.099% | ST=UP | 5m:↓DOWN | 206с
[18:15:50]    🟢 XAUTUSDT: +0.097% | ST=UP | 5m:↓DOWN | 216с
[18:16:01]    🟢 XAUTUSDT: +0.069% | ST=UP | 5m:↓DOWN | 226с
[18:16:13]    🟢 XAUTUSDT: +0.015% | ST=UP | 5m:↓DOWN | 237с
[18:16:24]    🟢 XAUTUSDT: +0.060% | ST=UP | 5m:↓DOWN | 250с
[18:16:35]    🟢 XAUTUSDT: +0.080% | ST=UP | 5m:↓DOWN | 261с
[18:16:56]    🟢 XAUTUSDT: +0.080% | ST=UP | 5m:↓DOWN | 281с
[18:17:01]    🟢 FARTCOINUSDT: -1.668% | ST=UP | 5m:↓DOWN | 2080с
[18:17:08]    🟢 XAUTUSDT: +0.049% | ST=UP | 5m:↓DOWN | 293с
[18:17:12]    🟢 FARTCOINUSDT: -1.629% | ST=UP | 5m:↓DOWN | 2092с
[18:17:13] 📡 Позиций: 3/3 | Монеты: ['LYNUSDT', 'TAOUSDT', 'XAUTUSDT']
[18:17:19]    🟢 XAUTUSDT: +0.013% | ST=UP | 5m:↓DOWN | 304с
[18:17:25]    🟢 FARTCOINUSDT: -1.378% | ST=UP | 5m:↓DOWN | 2103с
[18:17:31]    🟢 XAUTUSDT: +0.006% | ST=UP | 5m:↓DOWN | 317с
[18:17:36]    🟢 FARTCOINUSDT: -1.343% | ST=UP | 5m:↓DOWN | 2115с
[18:17:42]    🟢 XAUTUSDT: +0.006% | ST=UP | 5m:↓DOWN | 328с
[18:17:47]    🟢 FARTCOINUSDT: -1.225% | ST=UP | 5m:↓DOWN | 2126с
[18:17:53]    🟢 XAUTUSDT: +0.034% | ST=UP | 5m:↓DOWN | 339с
[18:17:58]    🟢 FARTCOINUSDT: -1.309% | ST=UP | 5m:↓DOWN | 2138с
[18:18:04]    🟢 XAUTUSDT: +0.041% | ST=UP | 5m:↓DOWN | 350с
[18:18:09]    🟢 FARTCOINUSDT: -1.329% | ST=UP | 5m:↓DOWN | 2148с
[18:18:15]    🟢 XAUTUSDT: +0.052% | ST=UP | 5m:↓DOWN | 361с
[18:18:20]    🟢 FARTCOINUSDT: -1.452% | ST=UP | 5m:↓DOWN | 2159с
[18:18:26]    🟢 XAUTUSDT: +0.006% | ST=UP | 5m:↓DOWN | 372с
[18:18:31]    🟢 FARTCOINUSDT: -1.545% | ST=UP | 5m:↓DOWN | 2170с
[18:18:39]    🟢 XAUTUSDT: -0.047% | ST=DOWN | 5m:↓DOWN | 385с
[18:18:39] 🔄 XAUTUSDT: ST развернулся! LONG → SHORT
[18:18:40] 🔒 XAUTUSDT: позиция закрыта (ST flip → SHORT)
[18:18:41] ━━━━━━━━━━━━━━━━━━━━━━━━━━━━━━━━━━━━━━━━━━━━━━━━━━━━━━━
[18:18:41] ❌ ЗАКРЫТО: XAUTUSDT | -0.054% | -0.0825 USDT | ST flip → SHORT
[18:18:41]    ⏱️  387с
[18:18:41] ━━━━━━━━━━━━━━━━━━━━━━━━━━━━━━━━━━━━━━━━━━━━━━━━━━━━━━━
[18:18:41] 
[18:18:41] 📊 СТАТИСТИКА:
[18:18:41]    Сделок: 13 | Win: 8 | Loss: 5
[18:18:41]    Win Rate:    61.5%
[18:18:41]    P&L итого:   +1.7198 USDT
[18:18:41]    P&L средний: +0.1323 USDT
[18:18:41] 
[18:18:44] ━━━━━━━━━━━━━━━━━━━━━━━━━━━━━━━━━━━━━━━━━━━━━━━━━━━━━━━
[18:18:44] 🔄 ФЛИП: XAUTUSDT | 🔴 SHORT
[18:18:44]    📍 Вход:   4650.600000
[18:18:44]    🎯 TP:     4636.600000  (+0.301%)
[18:18:44]    📊 0.033 ед. (153.47 USDT) | 1.71с
[18:18:44]    📈 5m ST:  ↓DOWN
[18:18:44] ━━━━━━━━━━━━━━━━━━━━━━━━━━━━━━━━━━━━━━━━━━━━━━━━━━━━━━━
[18:18:49]    🟢 FARTCOINUSDT: -1.644% | ST=UP | 5m:↓DOWN | 2189с
[18:18:56]    🔴 XAUTUSDT: +0.013% | ST=DOWN | 5m:↓DOWN | 10с
[18:19:00]    🟢 FARTCOINUSDT: -1.663% | ST=UP | 5m:↓DOWN | 2200с
[18:19:06]    🔴 XAUTUSDT: +0.000% | ST=DOWN | 5m:↓DOWN | 21с
[18:19:12]    🟢 FARTCOINUSDT: -1.757% | ST=UP | 5m:↓DOWN | 2212с
[18:19:19]    🔴 XAUTUSDT: +0.002% | ST=DOWN | 5m:↓DOWN | 33с
[18:19:23]    🟢 FARTCOINUSDT: -1.757% | ST=UP | 5m:↓DOWN | 2223с
[18:19:27] ━━━━━━━━━━━━━━━━━━━━━━━━━━━━━━━━━━━━━━━━━━━━━━━━━━━━━━━
[18:19:27] ✅ ЗАКРЫТО: PHAUSDT | +0.703% | +1.0779 USDT | Биржа (TP/SL)
[18:19:27]    ⏱️  2044с
[18:19:27] ━━━━━━━━━━━━━━━━━━━━━━━━━━━━━━━━━━━━━━━━━━━━━━━━━━━━━━━
[18:19:27] 
[18:19:27] 📊 СТАТИСТИКА:
[18:19:27]    Сделок: 14 | Win: 9 | Loss: 5
[18:19:27]    Win Rate:    64.3%
[18:19:27]    P&L итого:   +2.7977 USDT
[18:19:27]    P&L средний: +0.1998 USDT
[18:19:27] 
[18:19:30]    🔴 XAUTUSDT: +0.013% | ST=DOWN | 5m:↓DOWN | 45с
[18:19:35]    🟢 FARTCOINUSDT: -1.762% | ST=UP | 5m:↓DOWN | 2235с
[18:19:36]    ⛔ ZBCNUSDT: 5m=DOWN ≠ LONG — пропуск
[18:19:42]    🔴 XAUTUSDT: +0.030% | ST=DOWN | 5m:↓DOWN | 57с
[18:19:46]    🟢 FARTCOINUSDT: -1.752% | ST=UP | 5m:↓DOWN | 2246с
[18:19:48]    ⛔ ZBCNUSDT: 5m=DOWN ≠ LONG — пропуск
[18:19:55]    🔴 XAUTUSDT: +0.028% | ST=DOWN | 5m:↓DOWN | 70с
[18:19:59]    🟢 FARTCOINUSDT: -1.771% | ST=UP | 5m:↓DOWN | 2259с
[18:20:01]    ⛔ ZBCNUSDT: 5m=DOWN ≠ LONG — пропуск
[18:20:06]    🔴 XAUTUSDT: +0.058% | ST=DOWN | 5m:↓DOWN | 81с
[18:20:11]    🟢 FARTCOINUSDT: -1.924% | ST=UP | 5m:↓DOWN | 2270с
[18:20:12] 📡 Позиций: 2/3 | Монеты: ['LYNUSDT', 'TAOUSDT', 'XAUTUSDT']
[18:20:16]    ⛔ LYNUSDT: 5m=DOWN ≠ LONG — пропуск
[18:20:18]    🔴 XAUTUSDT: +0.103% | ST=DOWN | 5m:↓DOWN | 92с
[18:20:22]    ⛔ BTRUSDT: 5m=UP ≠ SHORT — пропуск
[18:20:23]    🟢 FARTCOINUSDT: -2.013% | ST=DOWN | 5m:↓DOWN | 2282с
[18:20:23] 🔄 FARTCOINUSDT: ST развернулся! LONG → SHORT
[18:20:24] 🔒 FARTCOINUSDT: позиция закрыта (ST flip → SHORT)
[18:20:25] ━━━━━━━━━━━━━━━━━━━━━━━━━━━━━━━━━━━━━━━━━━━━━━━━━━━━━━━
[18:20:25] ❌ ЗАКРЫТО: FARTCOINUSDT | -2.018% | -3.4768 USDT | ST flip → SHORT
[18:20:25]    ⏱️  2285с
[18:20:25] ━━━━━━━━━━━━━━━━━━━━━━━━━━━━━━━━━━━━━━━━━━━━━━━━━━━━━━━
[18:20:25] 
[18:20:25] 📊 СТАТИСТИКА:
[18:20:25]    Сделок: 15 | Win: 9 | Loss: 6
[18:20:25]    Win Rate:    60.0%
[18:20:25]    P&L итого:   -0.6791 USDT
[18:20:25]    P&L средний: -0.0453 USDT
[18:20:25] 
[18:20:28] ━━━━━━━━━━━━━━━━━━━━━━━━━━━━━━━━━━━━━━━━━━━━━━━━━━━━━━━
[18:20:28] 🔄 ФЛИП: FARTCOINUSDT | 🔴 SHORT
[18:20:28]    📍 Вход:   0.199060
[18:20:28]    🎯 TP:     0.198460  (+0.301%)
[18:20:28]    📊 860.0 ед. (171.19 USDT) | 1.70с
[18:20:28]    📈 5m ST:  ↓DOWN
[18:20:28] ━━━━━━━━━━━━━━━━━━━━━━━━━━━━━━━━━━━━━━━━━━━━━━━━━━━━━━━
[18:20:34]    🔴 XAUTUSDT: +0.116% | ST=DOWN | 5m:↓DOWN | 109с
[18:20:38]    ⛔ BTRUSDT: 5m=UP ≠ SHORT — пропуск
[18:20:40]    🔴 FARTCOINUSDT: -0.030% | ST=DOWN | 5m:↓DOWN | 11с
[18:20:44]    ⛔ LYNUSDT: 5m=DOWN ≠ LONG — пропуск
[18:20:46]    🔴 XAUTUSDT: +0.153% | ST=DOWN | 5m:↓DOWN | 121с
[18:20:51]    ⛔ BTRUSDT: 5m=UP ≠ SHORT — пропуск
[18:20:52]    🔴 FARTCOINUSDT: -0.015% | ST=DOWN | 5m:↓DOWN | 23с
[18:20:56]    ⛔ LYNUSDT: 5m=DOWN ≠ LONG — пропуск
[18:20:59]    🔴 XAUTUSDT: +0.176% | ST=DOWN | 5m:↓DOWN | 133с
[18:21:05]    🔴 FARTCOINUSDT: -0.005% | ST=DOWN | 5m:↓DOWN | 36с
[18:21:11]    🔴 XAUTUSDT: +0.159% | ST=DOWN | 5m:↓DOWN | 146с
[18:21:13]    ⛔ PIPPINUSDT: 5m=UP ≠ SHORT — пропуск
[18:21:17]    🔴 FARTCOINUSDT: +0.040% | ST=DOWN | 5m:↓DOWN | 48с
[18:21:23]    🔴 XAUTUSDT: +0.112% | ST=DOWN | 5m:↓DOWN | 158с
[18:21:28]    🔴 FARTCOINUSDT: +0.045% | ST=DOWN | 5m:↓DOWN | 59с
[18:21:34]    🔴 XAUTUSDT: +0.120% | ST=DOWN | 5m:↓DOWN | 169с
[18:21:39]    🔴 FARTCOINUSDT: +0.095% | ST=DOWN | 5m:↓DOWN | 70с
[18:21:45]    🔴 XAUTUSDT: +0.170% | ST=DOWN | 5m:↓DOWN | 180с
[18:21:48]    ⛔ BANUSDT: 5m=DOWN ≠ LONG — пропуск
[18:21:50]    🔴 FARTCOINUSDT: +0.111% | ST=DOWN | 5m:↓DOWN | 81с
[18:21:54] ━━━━━━━━━━━━━━━━━━━━━━━━━━━━━━━━━━━━━━━━━━━━━━━━━━━━━━━
[18:21:54] 💰 СДЕЛКА: ZBCNUSDT | 🔴 SHORT
[18:21:54]    📍 Вход:   0.002507
[18:21:54]    🎯 TP:     0.002501  (+0.299%)
[18:21:54]    📊 61500.0 ед. (154.17 USDT) | 1.66с
[18:21:54]    📈 5m ST:  ↓DOWN
[18:21:54] ━━━━━━━━━━━━━━━━━━━━━━━━━━━━━━━━━━━━━━━━━━━━━━━━━━━━━━━
[18:21:59]    🔴 XAUTUSDT: +0.224% | ST=DOWN | 5m:↓DOWN | 194с
[18:22:04]    🔴 FARTCOINUSDT: +0.065% | ST=DOWN | 5m:↓DOWN | 95с
[18:22:05]    🔴 ZBCNUSDT: -0.217% | ST=DOWN | 5m:↓DOWN | 10с
[18:22:11]    🔴 XAUTUSDT: +0.206% | ST=DOWN | 5m:↓DOWN | 205с
[18:22:17]    🔴 FARTCOINUSDT: +0.020% | ST=DOWN | 5m:↓DOWN | 106с
[18:22:18]    🔴 ZBCNUSDT: -0.201% | ST=DOWN | 5m:↓DOWN | 23с
[18:22:24]    🔴 XAUTUSDT: +0.198% | ST=DOWN | 5m:↓DOWN | 218с
[18:22:28]    🔴 FARTCOINUSDT: -0.095% | ST=DOWN | 5m:↓DOWN | 119с
[18:22:29]    🔴 ZBCNUSDT: -0.528% | ST=DOWN | 5m:↓DOWN | 35с
[18:22:35]    🔴 XAUTUSDT: +0.209% | ST=DOWN | 5m:↓DOWN | 230с
[18:22:40]    🔴 FARTCOINUSDT: -0.085% | ST=DOWN | 5m:↓DOWN | 131с
[18:22:41]    🔴 ZBCNUSDT: -0.528% | ST=DOWN | 5m:↓DOWN | 46с
[18:22:46]    🔴 XAUTUSDT: +0.183% | ST=DOWN | 5m:↓DOWN | 241с
[18:22:51]    🔴 FARTCOINUSDT: +0.100% | ST=DOWN | 5m:↓DOWN | 142с
[18:22:52]    🔴 ZBCNUSDT: -0.536% | ST=DOWN | 5m:↓DOWN | 57с
[18:22:58]    🔴 XAUTUSDT: +0.185% | ST=DOWN | 5m:↓DOWN | 252с
[18:23:02]    🔴 FARTCOINUSDT: +0.080% | ST=DOWN | 5m:↓DOWN | 153с
[18:23:04]    🔴 ZBCNUSDT: -0.740% | ST=DOWN | 5m:↓DOWN | 69с
[18:23:09]    🔴 XAUTUSDT: +0.183% | ST=DOWN | 5m:↓DOWN | 264с
[18:23:14]    🔴 FARTCOINUSDT: +0.085% | ST=DOWN | 5m:↓DOWN | 165с
[18:23:15]    🔴 ZBCNUSDT: -0.740% | ST=DOWN | 5m:↓DOWN | 80с
[18:23:15] 📡 Позиций: 3/3 | Монеты: ['LYNUSDT', 'TAOUSDT', 'XAUTUSDT']
[18:23:20]    🔴 XAUTUSDT: +0.129% | ST=UP | 5m:↓DOWN | 275с
[18:23:20] 🔄 XAUTUSDT: ST развернулся! SHORT → LONG
[18:23:21] 🔒 XAUTUSDT: позиция закрыта (ST flip → LONG)
[18:23:23] ━━━━━━━━━━━━━━━━━━━━━━━━━━━━━━━━━━━━━━━━━━━━━━━━━━━━━━━
[18:23:23] ✅ ЗАКРЫТО: XAUTUSDT | +0.129% | +0.1980 USDT | ST flip → LONG
[18:23:23]    ⏱️  277с
[18:23:23] ━━━━━━━━━━━━━━━━━━━━━━━━━━━━━━━━━━━━━━━━━━━━━━━━━━━━━━━
[18:23:23] 
[18:23:23] 📊 СТАТИСТИКА:
[18:23:23]    Сделок: 16 | Win: 10 | Loss: 6
[18:23:23]    Win Rate:    62.5%
[18:23:23]    P&L итого:   -0.4811 USDT
[18:23:23]    P&L средний: -0.0301 USDT
[18:23:23] 
[18:23:27] ━━━━━━━━━━━━━━━━━━━━━━━━━━━━━━━━━━━━━━━━━━━━━━━━━━━━━━━
[18:23:27] 🔄 ФЛИП: XAUTUSDT | 🟢 LONG
[18:23:27]    📍 Вход:   4643.800000
[18:23:27]    🎯 TP:     4657.700000  (+0.299%)
[18:23:27]    📊 0.03 ед. (139.31 USDT) | 3.49с
[18:23:27]    📈 5m ST:  ↓DOWN
[18:23:27] ━━━━━━━━━━━━━━━━━━━━━━━━━━━━━━━━━━━━━━━━━━━━━━━━━━━━━━━
[18:23:32]    🔴 FARTCOINUSDT: -0.045% | ST=DOWN | 5m:↓DOWN | 183с
[18:23:33]    🔴 ZBCNUSDT: -0.704% | ST=DOWN | 5m:↓DOWN | 98с
[18:23:39]    🟢 XAUTUSDT: +0.009% | ST=DOWN | 5m:↓DOWN | 10с
[18:23:43]    🔴 FARTCOINUSDT: -0.035% | ST=DOWN | 5m:↓DOWN | 194с
[18:23:45]    🔴 ZBCNUSDT: -0.752% | ST=DOWN | 5m:↓DOWN | 110с
[18:23:50]    🟢 XAUTUSDT: +0.039% | ST=UP | 5m:↓DOWN | 22с
[18:23:55]    🔴 FARTCOINUSDT: -0.065% | ST=DOWN | 5m:↓DOWN | 206с
[18:23:56]    🔴 ZBCNUSDT: -0.692% | ST=DOWN | 5m:↓DOWN | 121с
[18:24:01]    🟢 XAUTUSDT: +0.045% | ST=UP | 5m:↓DOWN | 33с
[18:24:06]    🔴 FARTCOINUSDT: -0.030% | ST=DOWN | 5m:↓DOWN | 217с
[18:24:07]    🔴 ZBCNUSDT: -0.787% | ST=DOWN | 5m:↓DOWN | 132с
[18:24:13]    🟢 XAUTUSDT: +0.062% | ST=UP | 5m:↓DOWN | 44с
[18:24:18]    🔴 FARTCOINUSDT: -0.070% | ST=DOWN | 5m:↓DOWN | 228с
[18:24:19]    🔴 ZBCNUSDT: -0.991% | ST=UP | 5m:↑UP | 144с
[18:24:19] 🔄 ZBCNUSDT: ST развернулся! SHORT → LONG
[18:24:20] 🔒 ZBCNUSDT: позиция закрыта (ST flip → LONG)
[18:24:22] ━━━━━━━━━━━━━━━━━━━━━━━━━━━━━━━━━━━━━━━━━━━━━━━━━━━━━━━
[18:24:22] ❌ ЗАКРЫТО: ZBCNUSDT | -1.146% | -1.7675 USDT | ST flip → LONG
[18:24:22]    ⏱️  146с
[18:24:22] ━━━━━━━━━━━━━━━━━━━━━━━━━━━━━━━━━━━━━━━━━━━━━━━━━━━━━━━
[18:24:22] 
[18:24:22] 📊 СТАТИСТИКА:
[18:24:22]    Сделок: 17 | Win: 10 | Loss: 7
[18:24:22]    Win Rate:    58.8%
[18:24:22]    P&L итого:   -2.2486 USDT
[18:24:22]    P&L средний: -0.1323 USDT
[18:24:22] 
[18:24:25] ━━━━━━━━━━━━━━━━━━━━━━━━━━━━━━━━━━━━━━━━━━━━━━━━━━━━━━━
[18:24:25] 🔄 ФЛИП: ZBCNUSDT | 🟢 LONG
[18:24:25]    📍 Вход:   0.002536
[18:24:25]    🎯 TP:     0.002546  (+0.299%)
[18:24:25]    📊 60300.0 ед. (152.91 USDT) | 2.05с
[18:24:25]    📈 5m ST:  ↑UP
[18:24:25] ━━━━━━━━━━━━━━━━━━━━━━━━━━━━━━━━━━━━━━━━━━━━━━━━━━━━━━━
[18:24:31]    🟢 XAUTUSDT: +0.078% | ST=UP | 5m:↓DOWN | 62с
[18:24:38]    🔴 FARTCOINUSDT: -0.035% | ST=DOWN | 5m:↓DOWN | 249с
[18:24:39]    🟢 ZBCNUSDT: -0.177% | ST=UP | 5m:↑UP | 13с
[18:24:45]    🟢 XAUTUSDT: +0.065% | ST=UP | 5m:↓DOWN | 76с
[18:24:49]    🔴 FARTCOINUSDT: +0.010% | ST=DOWN | 5m:↓DOWN | 260с
[18:24:51]    🟢 ZBCNUSDT: -0.189% | ST=UP | 5m:↑UP | 25с
[18:24:56]    🟢 XAUTUSDT: +0.078% | ST=UP | 5m:↓DOWN | 88с
[18:25:01]    🔴 FARTCOINUSDT: +0.221% | ST=DOWN | 5m:↓DOWN | 272с
[18:25:02]    🟢 ZBCNUSDT: -0.312% | ST=UP | 5m:↑UP | 36с
[18:25:05] ━━━━━━━━━━━━━━━━━━━━━━━━━━━━━━━━━━━━━━━━━━━━━━━━━━━━━━━
[18:25:05] ✅ ЗАКРЫТО: FARTCOINUSDT | +0.191% | +0.3268 USDT | Биржа (TP/SL)
[18:25:05]    ⏱️  276с
[18:25:05] ━━━━━━━━━━━━━━━━━━━━━━━━━━━━━━━━━━━━━━━━━━━━━━━━━━━━━━━
[18:25:05] 
[18:25:05] 📊 СТАТИСТИКА:
[18:25:05]    Сделок: 18 | Win: 11 | Loss: 7
[18:25:05]    Win Rate:    61.1%
[18:25:05]    P&L итого:   -1.9218 USDT
[18:25:05]    P&L средний: -0.1068 USDT
[18:25:05] 
[18:25:14]    🟢 XAUTUSDT: +0.099% | ST=UP | 5m:↓DOWN | 105с
[18:25:21]    🟢 ZBCNUSDT: -0.438% | ST=UP | 5m:↑UP | 55с
[18:25:27]    🟢 XAUTUSDT: +0.181% | ST=UP | 5m:↓DOWN | 119с
[18:25:33]    🟢 ZBCNUSDT: -0.430% | ST=UP | 5m:↑UP | 67с
[18:25:39]    🟢 XAUTUSDT: +0.183% | ST=UP | 5m:↓DOWN | 130с
[18:25:41]    ⛔ BANUSDT: 5m=DOWN ≠ LONG — пропуск
[18:25:44]    🟢 ZBCNUSDT: -0.477% | ST=UP | 5m:↑UP | 78с
[18:25:52]    🟢 XAUTUSDT: +0.185% | ST=UP | 5m:↓DOWN | 144с
[18:25:58]    🟢 ZBCNUSDT: -0.544% | ST=UP | 5m:↑UP | 92с
[18:26:03]    🟢 XAUTUSDT: +0.172% | ST=UP | 5m:↓DOWN | 155с
[18:26:08]    ⛔ FARTCOINUSDT: 5m=DOWN ≠ LONG — пропуск
[18:26:10]    🟢 ZBCNUSDT: -0.319% | ST=UP | 5m:↑UP | 104с
[18:26:16] ━━━━━━━━━━━━━━━━━━━━━━━━━━━━━━━━━━━━━━━━━━━━━━━━━━━━━━━
[18:26:16] 💰 СДЕЛКА: LYNUSDT | 🔴 SHORT
[18:26:16]    📍 Вход:   0.084408
[18:26:16]    🎯 TP:     0.084170  (+0.296%)
[18:26:16]    📊 1657.0 ед. (139.86 USDT) | 1.67с
[18:26:16]    📈 5m ST:  ↓DOWN
[18:26:16] ━━━━━━━━━━━━━━━━━━━━━━━━━━━━━━━━━━━━━━━━━━━━━━━━━━━━━━━
[18:26:18]    🟢 XAUTUSDT: +0.164% | ST=UP | 5m:↓DOWN | 170с
[18:26:25]    🟢 ZBCNUSDT: -0.331% | ST=UP | 5m:↑UP | 119с
[18:26:28] ━━━━━━━━━━━━━━━━━━━━━━━━━━━━━━━━━━━━━━━━━━━━━━━━━━━━━━━
[18:26:28] ✅ ЗАКРЫТО: LYNUSDT | +1.609% | +2.2505 USDT | Биржа (TP/SL)
[18:26:28]    ⏱️  12с
[18:26:28] ━━━━━━━━━━━━━━━━━━━━━━━━━━━━━━━━━━━━━━━━━━━━━━━━━━━━━━━
[18:26:28] 
[18:26:28] 📊 СТАТИСТИКА:
[18:26:28]    Сделок: 19 | Win: 12 | Loss: 7
[18:26:28]    Win Rate:    63.2%
[18:26:28]    P&L итого:   +0.3287 USDT
[18:26:28]    P&L средний: +0.0173 USDT
[18:26:28] 
[18:26:33] ━━━━━━━━━━━━━━━━━━━━━━━━━━━━━━━━━━━━━━━━━━━━━━━━━━━━━━━
[18:26:33] 💰 СДЕЛКА: LYNUSDT | 🔴 SHORT
[18:26:33]    📍 Вход:   0.083003
[18:26:33]    🎯 TP:     0.082660  (+0.302%)
[18:26:33]    📊 1688.0 ед. (140.11 USDT) | 2.17с
[18:26:33]    📈 5m ST:  ↓DOWN
[18:26:33] ━━━━━━━━━━━━━━━━━━━━━━━━━━━━━━━━━━━━━━━━━━━━━━━━━━━━━━━
[18:26:35]    🟢 XAUTUSDT: +0.142% | ST=UP | 5m:↓DOWN | 187с
[18:26:40]    🟢 ZBCNUSDT: -0.386% | ST=UP | 5m:↑UP | 134с
[18:26:40] 📡 Позиций: 3/3 | Монеты: ['LYNUSDT', 'TAOUSDT', 'XAUTUSDT']
[18:26:44]    🔴 LYNUSDT: +0.040% | ST=DOWN | 5m:↓DOWN | 10с
[18:26:46]    🟢 XAUTUSDT: +0.183% | ST=UP | 5m:↓DOWN | 198с
[18:26:51]    🟢 ZBCNUSDT: -0.371% | ST=UP | 5m:↑UP | 145с
[18:26:55]    🔴 LYNUSDT: -0.225% | ST=DOWN | 5m:↓DOWN | 21с
[18:26:57]    🟢 XAUTUSDT: +0.196% | ST=UP | 5m:↓DOWN | 209с
[18:27:04]    🟢 ZBCNUSDT: -0.335% | ST=UP | 5m:↑UP | 158с
[18:27:08]    🔴 LYNUSDT: -0.635% | ST=DOWN | 5m:↓DOWN | 34с
[18:27:10]    🟢 XAUTUSDT: +0.159% | ST=UP | 5m:↓DOWN | 222с
[18:27:16]    🟢 ZBCNUSDT: -0.323% | ST=UP | 5m:↑UP | 170с
[18:27:20]    🔴 LYNUSDT: -0.695% | ST=DOWN | 5m:↓DOWN | 46с
[18:27:22]    🟢 XAUTUSDT: +0.131% | ST=UP | 5m:↓DOWN | 233с
[18:27:27]    🟢 ZBCNUSDT: -0.418% | ST=UP | 5m:↑UP | 181с
[18:27:31]    🔴 LYNUSDT: -0.683% | ST=DOWN | 5m:↓DOWN | 57с
[18:27:33]    🟢 XAUTUSDT: +0.142% | ST=UP | 5m:↓DOWN | 245с
[18:27:38]    🟢 ZBCNUSDT: -0.359% | ST=UP | 5m:↑UP | 192с
[18:27:42]    🔴 LYNUSDT: -0.671% | ST=DOWN | 5m:↓DOWN | 68с
[18:27:44]    🟢 XAUTUSDT: +0.166% | ST=UP | 5m:↓DOWN | 256с
[18:27:49]    🟢 ZBCNUSDT: -0.406% | ST=UP | 5m:↑UP | 203с
[18:27:53]    🔴 LYNUSDT: -0.611% | ST=DOWN | 5m:↓DOWN | 80с
[18:27:55]    🟢 XAUTUSDT: +0.181% | ST=UP | 5m:↓DOWN | 267с
[18:28:01]    🟢 ZBCNUSDT: -0.501% | ST=UP | 5m:↑UP | 215с
[18:28:04]    🔴 LYNUSDT: -0.743% | ST=DOWN | 5m:↓DOWN | 91с
[18:28:06]    🟢 XAUTUSDT: +0.172% | ST=UP | 5m:↓DOWN | 278с
[18:28:12]    🟢 ZBCNUSDT: -0.528% | ST=UP | 5m:↑UP | 226с
[18:28:16]    🔴 LYNUSDT: -0.828% | ST=DOWN | 5m:↓DOWN | 102с
[18:28:18]    🟢 XAUTUSDT: +0.155% | ST=UP | 5m:↓DOWN | 290с
[18:28:23]    🟢 ZBCNUSDT: -0.426% | ST=UP | 5m:↑UP | 237с
[18:28:27]    🔴 LYNUSDT: -0.804% | ST=DOWN | 5m:↓DOWN | 114с
[18:28:29]    🟢 XAUTUSDT: +0.127% | ST=UP | 5m:↓DOWN | 301с
[18:28:35]    🟢 ZBCNUSDT: -0.422% | ST=UP | 5m:↑UP | 249с
[18:28:39]    🔴 LYNUSDT: +0.112% | ST=DOWN | 5m:↓DOWN | 125с
[18:28:41]    🟢 XAUTUSDT: +0.127% | ST=UP | 5m:↓DOWN | 312с
[18:28:46]    🟢 ZBCNUSDT: -0.442% | ST=UP | 5m:↑UP | 260с
[18:28:50]    🔴 LYNUSDT: -0.225% | ST=DOWN | 5m:↓DOWN | 136с
[18:28:52]    🟢 XAUTUSDT: +0.116% | ST=UP | 5m:↓DOWN | 324с
[18:28:58]    🟢 ZBCNUSDT: -0.390% | ST=UP | 5m:↑UP | 271с
[18:29:02]    🔴 LYNUSDT: +0.052% | ST=DOWN | 5m:↓DOWN | 149с
[18:29:04]    🟢 XAUTUSDT: +0.123% | ST=UP | 5m:↓DOWN | 336с
[18:29:10]    🟢 ZBCNUSDT: -0.335% | ST=UP | 5m:↑UP | 284с
[18:29:14]    🔴 LYNUSDT: +0.233% | ST=DOWN | 5m:↓DOWN | 160с
[18:29:16]    🟢 XAUTUSDT: +0.142% | ST=UP | 5m:↓DOWN | 348с
[18:29:21]    🟢 ZBCNUSDT: -0.339% | ST=UP | 5m:↑UP | 295с
[18:29:26]    🔴 LYNUSDT: -0.201% | ST=DOWN | 5m:↓DOWN | 173с
[18:29:29]    🟢 XAUTUSDT: +0.166% | ST=UP | 5m:↓DOWN | 360с
[18:29:35]    🟢 ZBCNUSDT: -0.801% | ST=DOWN | 5m:↑UP | 308с
[18:29:35] 🔄 ZBCNUSDT: ST развернулся! LONG → SHORT
[18:29:35] 🔒 ZBCNUSDT: позиция закрыта (ST flip → SHORT)
[18:29:37] ━━━━━━━━━━━━━━━━━━━━━━━━━━━━━━━━━━━━━━━━━━━━━━━━━━━━━━━
[18:29:37] ❌ ЗАКРЫТО: ZBCNUSDT | -0.840% | -1.2844 USDT | ST flip → SHORT
[18:29:37]    ⏱️  311с
[18:29:37] ━━━━━━━━━━━━━━━━━━━━━━━━━━━━━━━━━━━━━━━━━━━━━━━━━━━━━━━
[18:29:37] 
[18:29:37] 📊 СТАТИСТИКА:
[18:29:37]    Сделок: 20 | Win: 12 | Loss: 8
[18:29:37]    Win Rate:    60.0%
[18:29:37]    P&L итого:   -0.9557 USDT
[18:29:37]    P&L средний: -0.0478 USDT
[18:29:37] 
[18:29:40] ━━━━━━━━━━━━━━━━━━━━━━━━━━━━━━━━━━━━━━━━━━━━━━━━━━━━━━━
[18:29:40] 🔄 ФЛИП: ZBCNUSDT | 🔴 SHORT
[18:29:40]    📍 Вход:   0.002515
[18:29:40]    🎯 TP:     0.002507  (+0.298%)
[18:29:40]    📊 61700.0 ед. (155.17 USDT) | 1.67с
[18:29:40]    📈 5m ST:  ↑UP
[18:29:40] ━━━━━━━━━━━━━━━━━━━━━━━━━━━━━━━━━━━━━━━━━━━━━━━━━━━━━━━
[18:29:40] 📡 Позиций: 3/3 | Монеты: ['LYNUSDT', 'TAOUSDT', 'XAUTUSDT']
[18:29:44]    🔴 LYNUSDT: -0.020% | ST=DOWN | 5m:↓DOWN | 190с
[18:29:46]    🟢 XAUTUSDT: +0.181% | ST=UP | 5m:↓DOWN | 378с
[18:29:51]    🔴 ZBCNUSDT: -0.125% | ST=DOWN | 5m:↑UP | 10с
[18:29:55]    🔴 LYNUSDT: +0.233% | ST=DOWN | 5m:↓DOWN | 201с
[18:29:57]    🟢 XAUTUSDT: +0.168% | ST=UP | 5m:↓DOWN | 389с
[18:30:03]    🔴 ZBCNUSDT: -0.212% | ST=DOWN | 5m:↑UP | 22с
[18:30:07] ━━━━━━━━━━━━━━━━━━━━━━━━━━━━━━━━━━━━━━━━━━━━━━━━━━━━━━━
[18:30:07] ✅ ЗАКРЫТО: LYNUSDT | +0.233% | +0.3258 USDT | Биржа (TP/SL)
[18:30:07]    ⏱️  213с
[18:30:07] ━━━━━━━━━━━━━━━━━━━━━━━━━━━━━━━━━━━━━━━━━━━━━━━━━━━━━━━
[18:30:07] 
[18:30:07] 📊 СТАТИСТИКА:
[18:30:07]    Сделок: 21 | Win: 13 | Loss: 8
[18:30:07]    Win Rate:    61.9%
[18:30:07]    P&L итого:   -0.6299 USDT
[18:30:07]    P&L средний: -0.0300 USDT
[18:30:07] 
[18:30:10]    🟢 XAUTUSDT: +0.205% | ST=UP | 5m:↓DOWN | 401с
[18:30:15] ━━━━━━━━━━━━━━━━━━━━━━━━━━━━━━━━━━━━━━━━━━━━━━━━━━━━━━━
[18:30:15] 💰 СДЕЛКА: BTRUSDT | 🟢 LONG
[18:30:15]    📍 Вход:   0.117699
[18:30:15]    🎯 TP:     0.118030  (+0.297%)
[18:30:15]    📊 1176.0 ед. (138.41 USDT) | 1.64с
[18:30:15]    📈 5m ST:  ↑UP
[18:30:15] ━━━━━━━━━━━━━━━━━━━━━━━━━━━━━━━━━━━━━━━━━━━━━━━━━━━━━━━
[18:30:18]    🔴 ZBCNUSDT: -0.248% | ST=DOWN | 5m:↑UP | 37с
[18:30:23]    🟢 XAUTUSDT: +0.198% | ST=UP | 5m:↓DOWN | 415с
[18:30:27]    🟢 BTRUSDT: -0.033% | ST=UP | 5m:↑UP | 10с
[18:30:29]    🔴 ZBCNUSDT: -0.093% | ST=DOWN | 5m:↑UP | 48с
[18:30:32] ━━━━━━━━━━━━━━━━━━━━━━━━━━━━━━━━━━━━━━━━━━━━━━━━━━━━━━━
[18:30:32] ✅ ЗАКРЫТО: XAUTUSDT | +0.082% | +0.1140 USDT | Биржа (TP/SL)
[18:30:32]    ⏱️  424с
[18:30:32] ━━━━━━━━━━━━━━━━━━━━━━━━━━━━━━━━━━━━━━━━━━━━━━━━━━━━━━━
[18:30:32] 
[18:30:32] 📊 СТАТИСТИКА:
[18:30:32]    Сделок: 22 | Win: 14 | Loss: 8
[18:30:32]    Win Rate:    63.6%
[18:30:32]    P&L итого:   -0.5159 USDT
[18:30:32]    P&L средний: -0.0235 USDT
[18:30:32] 
[18:30:40] ━━━━━━━━━━━━━━━━━━━━━━━━━━━━━━━━━━━━━━━━━━━━━━━━━━━━━━━
[18:30:40] 💰 СДЕЛКА: XAUTUSDT | 🔴 SHORT
[18:30:40]    📍 Вход:   4647.000000
[18:30:40]    🎯 TP:     4633.100000  (+0.299%)
[18:30:40]    📊 0.03 ед. (139.41 USDT) | 1.78с
[18:30:40]    📈 5m ST:  ↓DOWN
[18:30:40] ━━━━━━━━━━━━━━━━━━━━━━━━━━━━━━━━━━━━━━━━━━━━━━━━━━━━━━━
[18:30:43]    🟢 BTRUSDT: -0.212% | ST=DOWN | 5m:↑UP | 27с
[18:30:45]    🔴 ZBCNUSDT: -0.145% | ST=DOWN | 5m:↑UP | 65с
[18:30:51]    🔴 XAUTUSDT: -0.045% | ST=DOWN | 5m:↓DOWN | 11с
[18:30:55]    🟢 BTRUSDT: -0.093% | ST=DOWN | 5m:↑UP | 39с
[18:30:57]    🔴 ZBCNUSDT: -0.089% | ST=DOWN | 5m:↑UP | 76с
[18:31:03]    🔴 XAUTUSDT: -0.039% | ST=DOWN | 5m:↓DOWN | 22с
[18:31:07]    🟢 BTRUSDT: -0.161% | ST=DOWN | 5m:↑UP | 50с
[18:31:09]    🔴 ZBCNUSDT: -0.363% | ST=DOWN | 5m:↑UP | 88с
[18:31:14]    🔴 XAUTUSDT: -0.058% | ST=DOWN | 5m:↓DOWN | 34с
[18:31:18]    🟢 BTRUSDT: -0.161% | ST=DOWN | 5m:↑UP | 62с
[18:31:20]    🔴 ZBCNUSDT: -0.260% | ST=DOWN | 5m:↑UP | 100с
[18:31:26]    🔴 XAUTUSDT: -0.095% | ST=DOWN | 5m:↓DOWN | 45с
[18:31:29]    🟢 BTRUSDT: -0.033% | ST=UP | 5m:↑UP | 73с
[18:31:31]    🔴 ZBCNUSDT: -0.371% | ST=DOWN | 5m:↑UP | 111с
[18:31:37]    🔴 XAUTUSDT: -0.073% | ST=DOWN | 5m:↓DOWN | 56с
[18:31:41]    🟢 BTRUSDT: -0.025% | ST=UP | 5m:↑UP | 84с
[18:31:43]    🔴 ZBCNUSDT: -0.340% | ST=DOWN | 5m:↑UP | 122с
[18:32:00]    🔴 XAUTUSDT: -0.065% | ST=DOWN | 5m:↓DOWN | 80с
[18:32:04]    🟢 BTRUSDT: -0.008% | ST=UP | 5m:↑UP | 108с
[18:32:12]    🔴 XAUTUSDT: +0.030% | ST=DOWN | 5m:↓DOWN | 91с
[18:32:15]    🟢 BTRUSDT: -0.008% | ST=UP | 5m:↑UP | 119с
[18:32:22]    🔴 XAUTUSDT: +0.058% | ST=DOWN | 5m:↓DOWN | 102с
[18:32:26]    🟢 BTRUSDT: +0.128% | ST=UP | 5m:↑UP | 130с
[18:32:33]    🔴 XAUTUSDT: +0.000% | ST=DOWN | 5m:↓DOWN | 113с
[18:32:37]    🟢 BTRUSDT: +0.162% | ST=UP | 5m:↑UP | 140с
[18:32:44]    🔴 XAUTUSDT: -0.009% | ST=DOWN | 5m:↓DOWN | 123с
[18:32:47]    🟢 BTRUSDT: +0.187% | ST=UP | 5m:↑UP | 151с
[18:32:49] 📡 Позиций: 3/3 | Монеты: ['LYNUSDT', 'RIVERUSDT', 'XAUTUSDT']
[18:32:54]    🔴 XAUTUSDT: +0.024% | ST=DOWN | 5m:↓DOWN | 134с
[18:32:58]    🟢 BTRUSDT: +0.204% | ST=UP | 5m:↑UP | 162с
[18:33:05] ━━━━━━━━━━━━━━━━━━━━━━━━━━━━━━━━━━━━━━━━━━━━━━━━━━━━━━━
[18:33:05] ❌ ЗАКРЫТО: ZBCNUSDT | -0.033% | -0.0518 USDT | Биржа (TP/SL)
[18:33:05]    ⏱️  202с
[18:33:05] ━━━━━━━━━━━━━━━━━━━━━━━━━━━━━━━━━━━━━━━━━━━━━━━━━━━━━━━
[18:33:05] 
[18:33:05] 📊 СТАТИСТИКА:
[18:33:05]    Сделок: 23 | Win: 14 | Loss: 9
[18:33:05]    Win Rate:    60.9%
[18:33:05]    P&L итого:   -0.5677 USDT
[18:33:05]    P&L средний: -0.0247 USDT
[18:33:05] 
[18:33:08]    🔴 XAUTUSDT: -0.013% | ST=DOWN | 5m:↓DOWN | 148с
[18:33:10]    ⛔ BANUSDT: 5m=DOWN ≠ LONG — пропуск
[18:33:12]    🟢 BTRUSDT: +0.213% | ST=UP | 5m:↑UP | 176с
[18:33:19]    🔴 XAUTUSDT: +0.000% | ST=DOWN | 5m:↓DOWN | 159с
[18:33:23]    🟢 BTRUSDT: +0.213% | ST=UP | 5m:↑UP | 187с
[18:33:30]    🔴 XAUTUSDT: +0.013% | ST=DOWN | 5m:↓DOWN | 169с
[18:33:32]    ⛔ BANUSDT: 5m=DOWN ≠ LONG — пропуск
[18:33:34]    🟢 BTRUSDT: +0.213% | ST=UP | 5m:↑UP | 198с
[18:33:41]    🔴 XAUTUSDT: +0.047% | ST=DOWN | 5m:↓DOWN | 181с
[18:33:43]    ⛔ BANUSDT: 5m=DOWN ≠ LONG — пропуск
[18:33:45]    🟢 BTRUSDT: +0.213% | ST=UP | 5m:↑UP | 209с
[18:33:52]    🔴 XAUTUSDT: +0.043% | ST=DOWN | 5m:↓DOWN | 192с
[18:33:55]    ⛔ BANUSDT: 5m=DOWN ≠ LONG — пропуск
[18:33:57]    🟢 BTRUSDT: +0.298% | ST=UP | 5m:↑UP | 220с
[18:34:02] ━━━━━━━━━━━━━━━━━━━━━━━━━━━━━━━━━━━━━━━━━━━━━━━━━━━━━━━
[18:34:02] ✅ ЗАКРЫТО: BTRUSDT | +0.289% | +0.4005 USDT | Биржа (TP/SL)
[18:34:02]    ⏱️  225с
[18:34:02] ━━━━━━━━━━━━━━━━━━━━━━━━━━━━━━━━━━━━━━━━━━━━━━━━━━━━━━━
[18:34:02] 
[18:34:02] 📊 СТАТИСТИКА:
[18:34:02]    Сделок: 24 | Win: 15 | Loss: 9
[18:34:02]    Win Rate:    62.5%
[18:34:02]    P&L итого:   -0.1672 USDT
[18:34:02]    P&L средний: -0.0070 USDT
[18:34:02] 
[18:34:05]    🔴 XAUTUSDT: +0.041% | ST=DOWN | 5m:↓DOWN | 204с
[18:34:15]    🔴 XAUTUSDT: +0.032% | ST=DOWN | 5m:↓DOWN | 215с
[18:34:25] 
[18:34:25] 📊 СТАТИСТИКА:
[18:34:25]    Сделок: 24 | Win: 15 | Loss: 9
[18:34:25]    Win Rate:    62.5%
[18:34:25]    P&L итого:   -0.1672 USDT
[18:34:25]    P&L средний: -0.0070 USDT
[18:34:25] 
